[2021-01-14 22:08:17,233] {taskinstance.py:670} INFO - Dependencies all met for <TaskInstance: D2020_Dashboard.run_pipeline 2021-01-14T22:06:00+00:00 [queued]>
[2021-01-14 22:08:17,608] {taskinstance.py:670} INFO - Dependencies all met for <TaskInstance: D2020_Dashboard.run_pipeline 2021-01-14T22:06:00+00:00 [queued]>
[2021-01-14 22:08:17,611] {taskinstance.py:880} INFO - 
--------------------------------------------------------------------------------
[2021-01-14 22:08:17,613] {taskinstance.py:881} INFO - Starting attempt 1 of 1
[2021-01-14 22:08:17,616] {taskinstance.py:882} INFO - 
--------------------------------------------------------------------------------
[2021-01-14 22:08:17,926] {taskinstance.py:901} INFO - Executing <Task(PythonOperator): run_pipeline> on 2021-01-14T22:06:00+00:00
[2021-01-14 22:08:17,945] {standard_task_runner.py:54} INFO - Started process 95 to run task
[2021-01-14 22:08:18,280] {standard_task_runner.py:77} INFO - Running: ['airflow', 'run', 'D2020_Dashboard', 'run_pipeline', '2021-01-14T22:06:00+00:00', '--job_id', '64', '--pool', 'default_pool', '--raw', '-sd', 'DAGS_FOLDER/example.py', '--cfg_path', '/tmp/tmpb297nkjz']
[2021-01-14 22:08:18,303] {standard_task_runner.py:78} INFO - Job 64: Subtask run_pipeline
[2021-01-14 22:08:19,371] {logging_mixin.py:112} INFO - Running <TaskInstance: D2020_Dashboard.run_pipeline 2021-01-14T22:06:00+00:00 [running]> on host 9d99b79fdc20
[2021-01-14 22:08:19,964] {logging_mixin.py:112} INFO -    A  B
0  1  1
1  2  2
2  3  3
[2021-01-14 22:08:19,986] {logging_mixin.py:112} INFO - hello
[2021-01-14 22:08:19,995] {python_operator.py:114} INFO - Done. Returned value was: None
[2021-01-14 22:08:20,241] {taskinstance.py:1070} INFO - Marking task as SUCCESS.dag_id=D2020_Dashboard, task_id=run_pipeline, execution_date=20210114T220600, start_date=20210114T220817, end_date=20210114T220820
[2021-01-14 22:08:22,022] {local_task_job.py:102} INFO - Task exited with return code 0
