[2021-01-14 15:18:11,414] {taskinstance.py:670} INFO - Dependencies all met for <TaskInstance: D2020_Dashboard.run_pipeline 2021-01-14T15:16:00+00:00 [queued]>
[2021-01-14 15:18:12,092] {taskinstance.py:670} INFO - Dependencies all met for <TaskInstance: D2020_Dashboard.run_pipeline 2021-01-14T15:16:00+00:00 [queued]>
[2021-01-14 15:18:12,096] {taskinstance.py:880} INFO - 
--------------------------------------------------------------------------------
[2021-01-14 15:18:12,100] {taskinstance.py:881} INFO - Starting attempt 1 of 1
[2021-01-14 15:18:12,103] {taskinstance.py:882} INFO - 
--------------------------------------------------------------------------------
[2021-01-14 15:18:12,214] {taskinstance.py:901} INFO - Executing <Task(PythonOperator): run_pipeline> on 2021-01-14T15:16:00+00:00
[2021-01-14 15:18:12,241] {standard_task_runner.py:54} INFO - Started process 134 to run task
[2021-01-14 15:18:12,337] {standard_task_runner.py:77} INFO - Running: ['airflow', 'run', 'D2020_Dashboard', 'run_pipeline', '2021-01-14T15:16:00+00:00', '--job_id', '22', '--pool', 'default_pool', '--raw', '-sd', 'DAGS_FOLDER/example.py', '--cfg_path', '/tmp/tmp2om_unnh']
[2021-01-14 15:18:12,339] {standard_task_runner.py:78} INFO - Job 22: Subtask run_pipeline
[2021-01-14 15:18:13,418] {logging_mixin.py:112} INFO - Running <TaskInstance: D2020_Dashboard.run_pipeline 2021-01-14T15:16:00+00:00 [running]> on host 29b0a9377858
[2021-01-14 15:18:13,982] {logging_mixin.py:112} INFO -    A  B
0  1  1
1  2  2
2  3  3
[2021-01-14 15:18:13,985] {logging_mixin.py:112} INFO - hello
[2021-01-14 15:18:13,987] {python_operator.py:114} INFO - Done. Returned value was: None
[2021-01-14 15:18:14,263] {taskinstance.py:1070} INFO - Marking task as SUCCESS.dag_id=D2020_Dashboard, task_id=run_pipeline, execution_date=20210114T151600, start_date=20210114T151811, end_date=20210114T151814
[2021-01-14 15:18:16,080] {local_task_job.py:102} INFO - Task exited with return code 0
