[2021-01-14 21:06:08,767] {taskinstance.py:670} INFO - Dependencies all met for <TaskInstance: D2020_Dashboard.run_pipeline 2021-01-14T21:04:00+00:00 [queued]>
[2021-01-14 21:06:09,160] {taskinstance.py:670} INFO - Dependencies all met for <TaskInstance: D2020_Dashboard.run_pipeline 2021-01-14T21:04:00+00:00 [queued]>
[2021-01-14 21:06:09,164] {taskinstance.py:880} INFO - 
--------------------------------------------------------------------------------
[2021-01-14 21:06:09,166] {taskinstance.py:881} INFO - Starting attempt 1 of 1
[2021-01-14 21:06:09,169] {taskinstance.py:882} INFO - 
--------------------------------------------------------------------------------
[2021-01-14 21:06:09,492] {taskinstance.py:901} INFO - Executing <Task(PythonOperator): run_pipeline> on 2021-01-14T21:04:00+00:00
[2021-01-14 21:06:09,501] {standard_task_runner.py:54} INFO - Started process 153 to run task
[2021-01-14 21:06:09,581] {standard_task_runner.py:77} INFO - Running: ['airflow', 'run', 'D2020_Dashboard', 'run_pipeline', '2021-01-14T21:04:00+00:00', '--job_id', '22', '--pool', 'default_pool', '--raw', '-sd', 'DAGS_FOLDER/example.py', '--cfg_path', '/tmp/tmp7df6clsn']
[2021-01-14 21:06:09,584] {standard_task_runner.py:78} INFO - Job 22: Subtask run_pipeline
[2021-01-14 21:06:10,596] {logging_mixin.py:112} INFO - Running <TaskInstance: D2020_Dashboard.run_pipeline 2021-01-14T21:04:00+00:00 [running]> on host cce419a8e5f3
[2021-01-14 21:06:11,166] {logging_mixin.py:112} INFO -    A  B
0  1  1
1  2  2
2  3  3
[2021-01-14 21:06:11,179] {logging_mixin.py:112} INFO - hello
[2021-01-14 21:06:11,209] {python_operator.py:114} INFO - Done. Returned value was: None
[2021-01-14 21:06:11,540] {taskinstance.py:1070} INFO - Marking task as SUCCESS.dag_id=D2020_Dashboard, task_id=run_pipeline, execution_date=20210114T210400, start_date=20210114T210608, end_date=20210114T210611
[2021-01-14 21:06:13,450] {local_task_job.py:102} INFO - Task exited with return code 0
