[2021-01-14 20:48:21,844] {taskinstance.py:670} INFO - Dependencies all met for <TaskInstance: D2020_Dashboard.run_pipeline 2021-01-14T20:46:00+00:00 [queued]>
[2021-01-14 20:48:22,271] {taskinstance.py:670} INFO - Dependencies all met for <TaskInstance: D2020_Dashboard.run_pipeline 2021-01-14T20:46:00+00:00 [queued]>
[2021-01-14 20:48:22,275] {taskinstance.py:880} INFO - 
--------------------------------------------------------------------------------
[2021-01-14 20:48:22,278] {taskinstance.py:881} INFO - Starting attempt 1 of 1
[2021-01-14 20:48:22,281] {taskinstance.py:882} INFO - 
--------------------------------------------------------------------------------
[2021-01-14 20:48:22,544] {taskinstance.py:901} INFO - Executing <Task(PythonOperator): run_pipeline> on 2021-01-14T20:46:00+00:00
[2021-01-14 20:48:22,564] {standard_task_runner.py:54} INFO - Started process 53 to run task
[2021-01-14 20:48:22,933] {standard_task_runner.py:77} INFO - Running: ['airflow', 'run', 'D2020_Dashboard', 'run_pipeline', '2021-01-14T20:46:00+00:00', '--job_id', '2', '--pool', 'default_pool', '--raw', '-sd', 'DAGS_FOLDER/example.py', '--cfg_path', '/tmp/tmp3yc2qgbx']
[2021-01-14 20:48:22,936] {standard_task_runner.py:78} INFO - Job 2: Subtask run_pipeline
[2021-01-14 20:48:24,380] {logging_mixin.py:112} INFO - Running <TaskInstance: D2020_Dashboard.run_pipeline 2021-01-14T20:46:00+00:00 [running]> on host cce419a8e5f3
[2021-01-14 20:48:25,126] {logging_mixin.py:112} INFO -    A  B
0  1  1
1  2  2
2  3  3
[2021-01-14 20:48:25,128] {logging_mixin.py:112} INFO - hello
[2021-01-14 20:48:25,132] {python_operator.py:114} INFO - Done. Returned value was: None
[2021-01-14 20:48:25,425] {taskinstance.py:1070} INFO - Marking task as SUCCESS.dag_id=D2020_Dashboard, task_id=run_pipeline, execution_date=20210114T204600, start_date=20210114T204821, end_date=20210114T204825
[2021-01-14 20:48:30,848] {local_task_job.py:102} INFO - Task exited with return code 0
