[2021-01-14 20:48:21,788] {taskinstance.py:670} INFO - Dependencies all met for <TaskInstance: D2020_Dashboard.run_pipeline 2021-01-14T20:44:00+00:00 [queued]>
[2021-01-14 20:48:22,336] {taskinstance.py:670} INFO - Dependencies all met for <TaskInstance: D2020_Dashboard.run_pipeline 2021-01-14T20:44:00+00:00 [queued]>
[2021-01-14 20:48:22,356] {taskinstance.py:880} INFO - 
--------------------------------------------------------------------------------
[2021-01-14 20:48:22,360] {taskinstance.py:881} INFO - Starting attempt 1 of 1
[2021-01-14 20:48:22,363] {taskinstance.py:882} INFO - 
--------------------------------------------------------------------------------
[2021-01-14 20:48:22,487] {taskinstance.py:901} INFO - Executing <Task(PythonOperator): run_pipeline> on 2021-01-14T20:44:00+00:00
[2021-01-14 20:48:22,510] {standard_task_runner.py:54} INFO - Started process 52 to run task
[2021-01-14 20:48:22,913] {standard_task_runner.py:77} INFO - Running: ['airflow', 'run', 'D2020_Dashboard', 'run_pipeline', '2021-01-14T20:44:00+00:00', '--job_id', '5', '--pool', 'default_pool', '--raw', '-sd', 'DAGS_FOLDER/example.py', '--cfg_path', '/tmp/tmpxff5kvwc']
[2021-01-14 20:48:22,916] {standard_task_runner.py:78} INFO - Job 5: Subtask run_pipeline
[2021-01-14 20:48:24,409] {logging_mixin.py:112} INFO - Running <TaskInstance: D2020_Dashboard.run_pipeline 2021-01-14T20:44:00+00:00 [running]> on host cce419a8e5f3
[2021-01-14 20:48:25,155] {logging_mixin.py:112} INFO -    A  B
0  1  1
1  2  2
2  3  3
[2021-01-14 20:48:25,178] {logging_mixin.py:112} INFO - hello
[2021-01-14 20:48:25,182] {python_operator.py:114} INFO - Done. Returned value was: None
[2021-01-14 20:48:25,450] {taskinstance.py:1070} INFO - Marking task as SUCCESS.dag_id=D2020_Dashboard, task_id=run_pipeline, execution_date=20210114T204400, start_date=20210114T204821, end_date=20210114T204825
[2021-01-14 20:48:25,865] {local_task_job.py:102} INFO - Task exited with return code 0
