[2021-01-14 14:55:10,168] {taskinstance.py:670} INFO - Dependencies all met for <TaskInstance: D2020_Dashboard.run_pipeline 2021-01-14T14:54:44.165300+00:00 [queued]>
[2021-01-14 14:55:10,544] {taskinstance.py:670} INFO - Dependencies all met for <TaskInstance: D2020_Dashboard.run_pipeline 2021-01-14T14:54:44.165300+00:00 [queued]>
[2021-01-14 14:55:10,553] {taskinstance.py:880} INFO - 
--------------------------------------------------------------------------------
[2021-01-14 14:55:10,555] {taskinstance.py:881} INFO - Starting attempt 1 of 1
[2021-01-14 14:55:10,557] {taskinstance.py:882} INFO - 
--------------------------------------------------------------------------------
[2021-01-14 14:55:10,850] {taskinstance.py:901} INFO - Executing <Task(PythonOperator): run_pipeline> on 2021-01-14T14:54:44.165300+00:00
[2021-01-14 14:55:10,857] {standard_task_runner.py:54} INFO - Started process 53 to run task
[2021-01-14 14:55:10,936] {standard_task_runner.py:77} INFO - Running: ['airflow', 'run', 'D2020_Dashboard', 'run_pipeline', '2021-01-14T14:54:44.165300+00:00', '--job_id', '5', '--pool', 'default_pool', '--raw', '-sd', 'DAGS_FOLDER/example.py', '--cfg_path', '/tmp/tmpscueqj_0']
[2021-01-14 14:55:10,939] {standard_task_runner.py:78} INFO - Job 5: Subtask run_pipeline
[2021-01-14 14:55:11,981] {logging_mixin.py:112} INFO - Running <TaskInstance: D2020_Dashboard.run_pipeline 2021-01-14T14:54:44.165300+00:00 [running]> on host 29b0a9377858
[2021-01-14 14:55:12,616] {logging_mixin.py:112} INFO -    A  B
0  1  1
1  2  2
2  3  3
[2021-01-14 14:55:12,619] {logging_mixin.py:112} INFO - hello
[2021-01-14 14:55:12,621] {python_operator.py:114} INFO - Done. Returned value was: None
[2021-01-14 14:55:12,891] {taskinstance.py:1070} INFO - Marking task as SUCCESS.dag_id=D2020_Dashboard, task_id=run_pipeline, execution_date=20210114T145444, start_date=20210114T145510, end_date=20210114T145512
[2021-01-14 14:55:14,981] {local_task_job.py:102} INFO - Task exited with return code 0
