[2021-01-14 22:24:10,821] {taskinstance.py:670} INFO - Dependencies all met for <TaskInstance: D2020_Dashboard.run_pipeline 2021-01-14T22:22:00+00:00 [queued]>
[2021-01-14 22:24:11,501] {taskinstance.py:670} INFO - Dependencies all met for <TaskInstance: D2020_Dashboard.run_pipeline 2021-01-14T22:22:00+00:00 [queued]>
[2021-01-14 22:24:11,517] {taskinstance.py:880} INFO - 
--------------------------------------------------------------------------------
[2021-01-14 22:24:11,528] {taskinstance.py:881} INFO - Starting attempt 1 of 1
[2021-01-14 22:24:11,541] {taskinstance.py:882} INFO - 
--------------------------------------------------------------------------------
[2021-01-14 22:24:11,754] {taskinstance.py:901} INFO - Executing <Task(PythonOperator): run_pipeline> on 2021-01-14T22:22:00+00:00
[2021-01-14 22:24:11,799] {standard_task_runner.py:54} INFO - Started process 95 to run task
[2021-01-14 22:24:12,417] {standard_task_runner.py:77} INFO - Running: ['airflow', 'run', 'D2020_Dashboard', 'run_pipeline', '2021-01-14T22:22:00+00:00', '--job_id', '77', '--pool', 'default_pool', '--raw', '-sd', 'DAGS_FOLDER/example.py', '--cfg_path', '/tmp/tmpp_qaultc']
[2021-01-14 22:24:12,422] {standard_task_runner.py:78} INFO - Job 77: Subtask run_pipeline
[2021-01-14 22:24:13,464] {logging_mixin.py:112} INFO - Running <TaskInstance: D2020_Dashboard.run_pipeline 2021-01-14T22:22:00+00:00 [running]> on host cc35811f9a97
[2021-01-14 22:24:14,028] {logging_mixin.py:112} INFO -    A  B
0  1  1
1  2  2
2  3  3
[2021-01-14 22:24:14,031] {logging_mixin.py:112} INFO - hello
[2021-01-14 22:24:14,035] {python_operator.py:114} INFO - Done. Returned value was: None
[2021-01-14 22:24:14,283] {taskinstance.py:1070} INFO - Marking task as SUCCESS.dag_id=D2020_Dashboard, task_id=run_pipeline, execution_date=20210114T222200, start_date=20210114T222410, end_date=20210114T222414
[2021-01-14 22:24:15,618] {local_task_job.py:102} INFO - Task exited with return code 0
