[2021-01-14 15:14:18,109] {taskinstance.py:670} INFO - Dependencies all met for <TaskInstance: D2020_Dashboard.run_pipeline 2021-01-14T15:12:00+00:00 [queued]>
[2021-01-14 15:14:18,498] {taskinstance.py:670} INFO - Dependencies all met for <TaskInstance: D2020_Dashboard.run_pipeline 2021-01-14T15:12:00+00:00 [queued]>
[2021-01-14 15:14:18,512] {taskinstance.py:880} INFO - 
--------------------------------------------------------------------------------
[2021-01-14 15:14:18,514] {taskinstance.py:881} INFO - Starting attempt 1 of 1
[2021-01-14 15:14:18,515] {taskinstance.py:882} INFO - 
--------------------------------------------------------------------------------
[2021-01-14 15:14:18,825] {taskinstance.py:901} INFO - Executing <Task(PythonOperator): run_pipeline> on 2021-01-14T15:12:00+00:00
[2021-01-14 15:14:18,833] {standard_task_runner.py:54} INFO - Started process 114 to run task
[2021-01-14 15:14:18,913] {standard_task_runner.py:77} INFO - Running: ['airflow', 'run', 'D2020_Dashboard', 'run_pipeline', '2021-01-14T15:12:00+00:00', '--job_id', '17', '--pool', 'default_pool', '--raw', '-sd', 'DAGS_FOLDER/example.py', '--cfg_path', '/tmp/tmp6aqwr0gq']
[2021-01-14 15:14:18,916] {standard_task_runner.py:78} INFO - Job 17: Subtask run_pipeline
[2021-01-14 15:14:20,006] {logging_mixin.py:112} INFO - Running <TaskInstance: D2020_Dashboard.run_pipeline 2021-01-14T15:12:00+00:00 [running]> on host 29b0a9377858
[2021-01-14 15:14:20,584] {logging_mixin.py:112} INFO -    A  B
0  1  1
1  2  2
2  3  3
[2021-01-14 15:14:20,586] {logging_mixin.py:112} INFO - hello
[2021-01-14 15:14:20,588] {python_operator.py:114} INFO - Done. Returned value was: None
[2021-01-14 15:14:20,845] {taskinstance.py:1070} INFO - Marking task as SUCCESS.dag_id=D2020_Dashboard, task_id=run_pipeline, execution_date=20210114T151200, start_date=20210114T151418, end_date=20210114T151420
[2021-01-14 15:14:25,321] {local_task_job.py:102} INFO - Task exited with return code 0
