[2021-01-14 21:30:40,417] {taskinstance.py:670} INFO - Dependencies all met for <TaskInstance: D2020_Dashboard.run_pipeline 2021-01-14T21:28:00+00:00 [queued]>
[2021-01-14 21:30:40,974] {taskinstance.py:670} INFO - Dependencies all met for <TaskInstance: D2020_Dashboard.run_pipeline 2021-01-14T21:28:00+00:00 [queued]>
[2021-01-14 21:30:40,977] {taskinstance.py:880} INFO - 
--------------------------------------------------------------------------------
[2021-01-14 21:30:40,986] {taskinstance.py:881} INFO - Starting attempt 1 of 1
[2021-01-14 21:30:40,988] {taskinstance.py:882} INFO - 
--------------------------------------------------------------------------------
[2021-01-14 21:30:41,129] {taskinstance.py:901} INFO - Executing <Task(PythonOperator): run_pipeline> on 2021-01-14T21:28:00+00:00
[2021-01-14 21:30:41,162] {standard_task_runner.py:54} INFO - Started process 57 to run task
[2021-01-14 21:30:41,468] {standard_task_runner.py:77} INFO - Running: ['airflow', 'run', 'D2020_Dashboard', 'run_pipeline', '2021-01-14T21:28:00+00:00', '--job_id', '28', '--pool', 'default_pool', '--raw', '-sd', 'DAGS_FOLDER/example.py', '--cfg_path', '/tmp/tmpbhlygesg']
[2021-01-14 21:30:41,475] {standard_task_runner.py:78} INFO - Job 28: Subtask run_pipeline
[2021-01-14 21:30:42,629] {logging_mixin.py:112} INFO - Running <TaskInstance: D2020_Dashboard.run_pipeline 2021-01-14T21:28:00+00:00 [running]> on host cce419a8e5f3
[2021-01-14 21:30:43,287] {logging_mixin.py:112} INFO -    A  B
0  1  1
1  2  2
2  3  3
[2021-01-14 21:30:43,289] {logging_mixin.py:112} INFO - hello
[2021-01-14 21:30:43,294] {python_operator.py:114} INFO - Done. Returned value was: None
[2021-01-14 21:30:43,580] {taskinstance.py:1070} INFO - Marking task as SUCCESS.dag_id=D2020_Dashboard, task_id=run_pipeline, execution_date=20210114T212800, start_date=20210114T213040, end_date=20210114T213043
[2021-01-14 21:30:45,085] {local_task_job.py:102} INFO - Task exited with return code 0
