[2021-01-14 22:15:46,272] {taskinstance.py:670} INFO - Dependencies all met for <TaskInstance: D2020_Dashboard.run_pipeline 2021-01-14T22:12:00+00:00 [queued]>
[2021-01-14 22:15:46,663] {taskinstance.py:670} INFO - Dependencies all met for <TaskInstance: D2020_Dashboard.run_pipeline 2021-01-14T22:12:00+00:00 [queued]>
[2021-01-14 22:15:46,670] {taskinstance.py:880} INFO - 
--------------------------------------------------------------------------------
[2021-01-14 22:15:46,673] {taskinstance.py:881} INFO - Starting attempt 1 of 1
[2021-01-14 22:15:46,675] {taskinstance.py:882} INFO - 
--------------------------------------------------------------------------------
[2021-01-14 22:15:46,972] {taskinstance.py:901} INFO - Executing <Task(PythonOperator): run_pipeline> on 2021-01-14T22:12:00+00:00
[2021-01-14 22:15:46,984] {standard_task_runner.py:54} INFO - Started process 44 to run task
[2021-01-14 22:15:47,098] {standard_task_runner.py:77} INFO - Running: ['airflow', 'run', 'D2020_Dashboard', 'run_pipeline', '2021-01-14T22:12:00+00:00', '--job_id', '67', '--pool', 'default_pool', '--raw', '-sd', 'DAGS_FOLDER/example.py', '--cfg_path', '/tmp/tmpxl31l09y']
[2021-01-14 22:15:47,101] {standard_task_runner.py:78} INFO - Job 67: Subtask run_pipeline
[2021-01-14 22:15:48,176] {logging_mixin.py:112} INFO - Running <TaskInstance: D2020_Dashboard.run_pipeline 2021-01-14T22:12:00+00:00 [running]> on host cc35811f9a97
[2021-01-14 22:15:49,462] {logging_mixin.py:112} INFO -    A  B
0  1  1
1  2  2
2  3  3
[2021-01-14 22:15:49,464] {logging_mixin.py:112} INFO - hello
[2021-01-14 22:15:49,473] {python_operator.py:114} INFO - Done. Returned value was: None
[2021-01-14 22:15:49,736] {taskinstance.py:1070} INFO - Marking task as SUCCESS.dag_id=D2020_Dashboard, task_id=run_pipeline, execution_date=20210114T221200, start_date=20210114T221546, end_date=20210114T221549
[2021-01-14 22:15:51,181] {local_task_job.py:102} INFO - Task exited with return code 0
