[2021-01-14 22:26:17,409] {taskinstance.py:670} INFO - Dependencies all met for <TaskInstance: D2020_Dashboard.run_pipeline 2021-01-14T22:24:00+00:00 [queued]>
[2021-01-14 22:26:17,765] {taskinstance.py:670} INFO - Dependencies all met for <TaskInstance: D2020_Dashboard.run_pipeline 2021-01-14T22:24:00+00:00 [queued]>
[2021-01-14 22:26:17,788] {taskinstance.py:880} INFO - 
--------------------------------------------------------------------------------
[2021-01-14 22:26:17,793] {taskinstance.py:881} INFO - Starting attempt 1 of 1
[2021-01-14 22:26:17,797] {taskinstance.py:882} INFO - 
--------------------------------------------------------------------------------
[2021-01-14 22:26:18,143] {taskinstance.py:901} INFO - Executing <Task(PythonOperator): run_pipeline> on 2021-01-14T22:24:00+00:00
[2021-01-14 22:26:18,156] {standard_task_runner.py:54} INFO - Started process 104 to run task
[2021-01-14 22:26:18,236] {standard_task_runner.py:77} INFO - Running: ['airflow', 'run', 'D2020_Dashboard', 'run_pipeline', '2021-01-14T22:24:00+00:00', '--job_id', '78', '--pool', 'default_pool', '--raw', '-sd', 'DAGS_FOLDER/example.py', '--cfg_path', '/tmp/tmp4ijhmghg']
[2021-01-14 22:26:18,239] {standard_task_runner.py:78} INFO - Job 78: Subtask run_pipeline
[2021-01-14 22:26:19,267] {logging_mixin.py:112} INFO - Running <TaskInstance: D2020_Dashboard.run_pipeline 2021-01-14T22:24:00+00:00 [running]> on host cc35811f9a97
[2021-01-14 22:26:19,784] {logging_mixin.py:112} INFO -    A  B
0  1  1
1  2  2
2  3  3
[2021-01-14 22:26:19,788] {logging_mixin.py:112} INFO - hello
[2021-01-14 22:26:19,790] {python_operator.py:114} INFO - Done. Returned value was: None
[2021-01-14 22:26:20,011] {taskinstance.py:1070} INFO - Marking task as SUCCESS.dag_id=D2020_Dashboard, task_id=run_pipeline, execution_date=20210114T222400, start_date=20210114T222617, end_date=20210114T222620
[2021-01-14 22:26:22,157] {local_task_job.py:102} INFO - Task exited with return code 0
