[2021-01-14 20:50:13,139] {taskinstance.py:670} INFO - Dependencies all met for <TaskInstance: D2020_Dashboard.run_pipeline 2021-01-14T20:48:00+00:00 [queued]>
[2021-01-14 20:50:13,741] {taskinstance.py:670} INFO - Dependencies all met for <TaskInstance: D2020_Dashboard.run_pipeline 2021-01-14T20:48:00+00:00 [queued]>
[2021-01-14 20:50:13,744] {taskinstance.py:880} INFO - 
--------------------------------------------------------------------------------
[2021-01-14 20:50:13,746] {taskinstance.py:881} INFO - Starting attempt 1 of 1
[2021-01-14 20:50:13,748] {taskinstance.py:882} INFO - 
--------------------------------------------------------------------------------
[2021-01-14 20:50:13,850] {taskinstance.py:901} INFO - Executing <Task(PythonOperator): run_pipeline> on 2021-01-14T20:48:00+00:00
[2021-01-14 20:50:13,861] {standard_task_runner.py:54} INFO - Started process 71 to run task
[2021-01-14 20:50:13,960] {standard_task_runner.py:77} INFO - Running: ['airflow', 'run', 'D2020_Dashboard', 'run_pipeline', '2021-01-14T20:48:00+00:00', '--job_id', '7', '--pool', 'default_pool', '--raw', '-sd', 'DAGS_FOLDER/example.py', '--cfg_path', '/tmp/tmpcmoef3tz']
[2021-01-14 20:50:13,963] {standard_task_runner.py:78} INFO - Job 7: Subtask run_pipeline
[2021-01-14 20:50:15,374] {logging_mixin.py:112} INFO - Running <TaskInstance: D2020_Dashboard.run_pipeline 2021-01-14T20:48:00+00:00 [running]> on host cce419a8e5f3
[2021-01-14 20:50:15,981] {logging_mixin.py:112} INFO -    A  B
0  1  1
1  2  2
2  3  3
[2021-01-14 20:50:15,985] {logging_mixin.py:112} INFO - hello
[2021-01-14 20:50:15,987] {python_operator.py:114} INFO - Done. Returned value was: None
[2021-01-14 20:50:16,235] {taskinstance.py:1070} INFO - Marking task as SUCCESS.dag_id=D2020_Dashboard, task_id=run_pipeline, execution_date=20210114T204800, start_date=20210114T205013, end_date=20210114T205016
[2021-01-14 20:50:17,897] {local_task_job.py:102} INFO - Task exited with return code 0
