[2021-01-14 15:08:13,427] {taskinstance.py:670} INFO - Dependencies all met for <TaskInstance: D2020_Dashboard.run_pipeline 2021-01-14T15:08:01.216454+00:00 [queued]>
[2021-01-14 15:08:13,840] {taskinstance.py:670} INFO - Dependencies all met for <TaskInstance: D2020_Dashboard.run_pipeline 2021-01-14T15:08:01.216454+00:00 [queued]>
[2021-01-14 15:08:13,842] {taskinstance.py:880} INFO - 
--------------------------------------------------------------------------------
[2021-01-14 15:08:13,845] {taskinstance.py:881} INFO - Starting attempt 1 of 1
[2021-01-14 15:08:13,849] {taskinstance.py:882} INFO - 
--------------------------------------------------------------------------------
[2021-01-14 15:08:14,222] {taskinstance.py:901} INFO - Executing <Task(PythonOperator): run_pipeline> on 2021-01-14T15:08:01.216454+00:00
[2021-01-14 15:08:14,241] {standard_task_runner.py:54} INFO - Started process 74 to run task
[2021-01-14 15:08:14,347] {standard_task_runner.py:77} INFO - Running: ['airflow', 'run', 'D2020_Dashboard', 'run_pipeline', '2021-01-14T15:08:01.216454+00:00', '--job_id', '9', '--pool', 'default_pool', '--raw', '-sd', 'DAGS_FOLDER/example.py', '--cfg_path', '/tmp/tmpd8u6kgrq']
[2021-01-14 15:08:14,351] {standard_task_runner.py:78} INFO - Job 9: Subtask run_pipeline
[2021-01-14 15:08:15,676] {logging_mixin.py:112} INFO - Running <TaskInstance: D2020_Dashboard.run_pipeline 2021-01-14T15:08:01.216454+00:00 [running]> on host 29b0a9377858
[2021-01-14 15:08:16,341] {logging_mixin.py:112} INFO -    A  B
0  1  1
1  2  2
2  3  3
[2021-01-14 15:08:16,343] {logging_mixin.py:112} INFO - hello
[2021-01-14 15:08:16,345] {python_operator.py:114} INFO - Done. Returned value was: None
[2021-01-14 15:08:16,646] {taskinstance.py:1070} INFO - Marking task as SUCCESS.dag_id=D2020_Dashboard, task_id=run_pipeline, execution_date=20210114T150801, start_date=20210114T150813, end_date=20210114T150816
[2021-01-14 15:08:18,269] {local_task_job.py:102} INFO - Task exited with return code 0
