[2021-01-14 21:30:34,511] {taskinstance.py:670} INFO - Dependencies all met for <TaskInstance: D2020_Dashboard.run_pipeline 2021-01-14T21:26:00+00:00 [queued]>
[2021-01-14 21:30:35,505] {taskinstance.py:670} INFO - Dependencies all met for <TaskInstance: D2020_Dashboard.run_pipeline 2021-01-14T21:26:00+00:00 [queued]>
[2021-01-14 21:30:35,507] {taskinstance.py:880} INFO - 
--------------------------------------------------------------------------------
[2021-01-14 21:30:35,513] {taskinstance.py:881} INFO - Starting attempt 1 of 1
[2021-01-14 21:30:35,516] {taskinstance.py:882} INFO - 
--------------------------------------------------------------------------------
[2021-01-14 21:30:35,886] {taskinstance.py:901} INFO - Executing <Task(PythonOperator): run_pipeline> on 2021-01-14T21:26:00+00:00
[2021-01-14 21:30:35,924] {standard_task_runner.py:54} INFO - Started process 55 to run task
[2021-01-14 21:30:36,277] {standard_task_runner.py:77} INFO - Running: ['airflow', 'run', 'D2020_Dashboard', 'run_pipeline', '2021-01-14T21:26:00+00:00', '--job_id', '26', '--pool', 'default_pool', '--raw', '-sd', 'DAGS_FOLDER/example.py', '--cfg_path', '/tmp/tmpdj9vcmsh']
[2021-01-14 21:30:36,290] {standard_task_runner.py:78} INFO - Job 26: Subtask run_pipeline
[2021-01-14 21:30:37,852] {logging_mixin.py:112} INFO - Running <TaskInstance: D2020_Dashboard.run_pipeline 2021-01-14T21:26:00+00:00 [running]> on host cce419a8e5f3
[2021-01-14 21:30:38,672] {logging_mixin.py:112} INFO -    A  B
0  1  1
1  2  2
2  3  3
[2021-01-14 21:30:38,677] {logging_mixin.py:112} INFO - hello
[2021-01-14 21:30:38,681] {python_operator.py:114} INFO - Done. Returned value was: None
[2021-01-14 21:30:38,928] {taskinstance.py:1070} INFO - Marking task as SUCCESS.dag_id=D2020_Dashboard, task_id=run_pipeline, execution_date=20210114T212600, start_date=20210114T213034, end_date=20210114T213038
[2021-01-14 21:30:42,150] {local_task_job.py:102} INFO - Task exited with return code 0
