[2021-01-14 22:16:11,387] {taskinstance.py:670} INFO - Dependencies all met for <TaskInstance: D2020_Dashboard.run_pipeline 2021-01-14T22:14:00+00:00 [queued]>
[2021-01-14 22:16:11,751] {taskinstance.py:670} INFO - Dependencies all met for <TaskInstance: D2020_Dashboard.run_pipeline 2021-01-14T22:14:00+00:00 [queued]>
[2021-01-14 22:16:11,754] {taskinstance.py:880} INFO - 
--------------------------------------------------------------------------------
[2021-01-14 22:16:11,755] {taskinstance.py:881} INFO - Starting attempt 1 of 1
[2021-01-14 22:16:11,757] {taskinstance.py:882} INFO - 
--------------------------------------------------------------------------------
[2021-01-14 22:16:12,099] {taskinstance.py:901} INFO - Executing <Task(PythonOperator): run_pipeline> on 2021-01-14T22:14:00+00:00
[2021-01-14 22:16:12,106] {standard_task_runner.py:54} INFO - Started process 54 to run task
[2021-01-14 22:16:12,188] {standard_task_runner.py:77} INFO - Running: ['airflow', 'run', 'D2020_Dashboard', 'run_pipeline', '2021-01-14T22:14:00+00:00', '--job_id', '68', '--pool', 'default_pool', '--raw', '-sd', 'DAGS_FOLDER/example.py', '--cfg_path', '/tmp/tmp2hruqjcr']
[2021-01-14 22:16:12,190] {standard_task_runner.py:78} INFO - Job 68: Subtask run_pipeline
[2021-01-14 22:16:13,196] {logging_mixin.py:112} INFO - Running <TaskInstance: D2020_Dashboard.run_pipeline 2021-01-14T22:14:00+00:00 [running]> on host cc35811f9a97
[2021-01-14 22:16:13,852] {logging_mixin.py:112} INFO -    A  B
0  1  1
1  2  2
2  3  3
[2021-01-14 22:16:13,856] {logging_mixin.py:112} INFO - hello
[2021-01-14 22:16:13,873] {python_operator.py:114} INFO - Done. Returned value was: None
[2021-01-14 22:16:14,138] {taskinstance.py:1070} INFO - Marking task as SUCCESS.dag_id=D2020_Dashboard, task_id=run_pipeline, execution_date=20210114T221400, start_date=20210114T221611, end_date=20210114T221614
[2021-01-14 22:16:16,119] {local_task_job.py:102} INFO - Task exited with return code 0
