[2021-01-14 22:28:12,502] {taskinstance.py:670} INFO - Dependencies all met for <TaskInstance: D2020_Dashboard.run_pipeline 2021-01-14T22:26:00+00:00 [queued]>
[2021-01-14 22:28:12,859] {taskinstance.py:670} INFO - Dependencies all met for <TaskInstance: D2020_Dashboard.run_pipeline 2021-01-14T22:26:00+00:00 [queued]>
[2021-01-14 22:28:12,862] {taskinstance.py:880} INFO - 
--------------------------------------------------------------------------------
[2021-01-14 22:28:12,865] {taskinstance.py:881} INFO - Starting attempt 1 of 1
[2021-01-14 22:28:12,866] {taskinstance.py:882} INFO - 
--------------------------------------------------------------------------------
[2021-01-14 22:28:13,206] {taskinstance.py:901} INFO - Executing <Task(PythonOperator): run_pipeline> on 2021-01-14T22:26:00+00:00
[2021-01-14 22:28:13,219] {standard_task_runner.py:54} INFO - Started process 114 to run task
[2021-01-14 22:28:13,306] {standard_task_runner.py:77} INFO - Running: ['airflow', 'run', 'D2020_Dashboard', 'run_pipeline', '2021-01-14T22:26:00+00:00', '--job_id', '80', '--pool', 'default_pool', '--raw', '-sd', 'DAGS_FOLDER/example.py', '--cfg_path', '/tmp/tmpq8204ees']
[2021-01-14 22:28:13,312] {standard_task_runner.py:78} INFO - Job 80: Subtask run_pipeline
[2021-01-14 22:28:14,264] {logging_mixin.py:112} INFO - Running <TaskInstance: D2020_Dashboard.run_pipeline 2021-01-14T22:26:00+00:00 [running]> on host cc35811f9a97
[2021-01-14 22:28:14,960] {logging_mixin.py:112} INFO -    A  B
0  1  1
1  2  2
2  3  3
[2021-01-14 22:28:14,963] {logging_mixin.py:112} INFO - hello
[2021-01-14 22:28:15,038] {python_operator.py:114} INFO - Done. Returned value was: None
[2021-01-14 22:28:15,285] {taskinstance.py:1070} INFO - Marking task as SUCCESS.dag_id=D2020_Dashboard, task_id=run_pipeline, execution_date=20210114T222600, start_date=20210114T222812, end_date=20210114T222815
[2021-01-14 22:28:17,269] {local_task_job.py:102} INFO - Task exited with return code 0
