[2021-01-13 16:34:57,515] {taskinstance.py:670} INFO - Dependencies all met for <TaskInstance: D2020_Dashboard.run_pipeline 2021-01-13T15:05:00+00:00 [queued]>
[2021-01-13 16:34:57,951] {taskinstance.py:670} INFO - Dependencies all met for <TaskInstance: D2020_Dashboard.run_pipeline 2021-01-13T15:05:00+00:00 [queued]>
[2021-01-13 16:34:57,960] {taskinstance.py:880} INFO - 
--------------------------------------------------------------------------------
[2021-01-13 16:34:57,964] {taskinstance.py:881} INFO - Starting attempt 1 of 1
[2021-01-13 16:34:57,976] {taskinstance.py:882} INFO - 
--------------------------------------------------------------------------------
[2021-01-13 16:34:58,294] {taskinstance.py:901} INFO - Executing <Task(PythonOperator): run_pipeline> on 2021-01-13T15:05:00+00:00
[2021-01-13 16:34:58,311] {standard_task_runner.py:54} INFO - Started process 82 to run task
[2021-01-13 16:34:58,697] {standard_task_runner.py:77} INFO - Running: ['airflow', 'run', 'D2020_Dashboard', 'run_pipeline', '2021-01-13T15:05:00+00:00', '--job_id', '6', '--pool', 'default_pool', '--raw', '-sd', 'DAGS_FOLDER/example.py', '--cfg_path', '/tmp/tmp888vq1jq']
[2021-01-13 16:34:58,726] {standard_task_runner.py:78} INFO - Job 6: Subtask run_pipeline
[2021-01-13 16:34:59,878] {logging_mixin.py:112} INFO - Running <TaskInstance: D2020_Dashboard.run_pipeline 2021-01-13T15:05:00+00:00 [running]> on host 245686c30a8f
[2021-01-13 16:35:00,537] {logging_mixin.py:112} INFO -    A  B
0  1  1
1  2  2
2  3  3
[2021-01-13 16:35:00,540] {logging_mixin.py:112} INFO - hello
[2021-01-13 16:35:00,542] {python_operator.py:114} INFO - Done. Returned value was: None
[2021-01-13 16:35:00,804] {taskinstance.py:1070} INFO - Marking task as SUCCESS.dag_id=D2020_Dashboard, task_id=run_pipeline, execution_date=20210113T150500, start_date=20210113T163457, end_date=20210113T163500
[2021-01-13 16:35:02,013] {local_task_job.py:102} INFO - Task exited with return code 0
