[2021-01-14 22:02:18,260] {taskinstance.py:670} INFO - Dependencies all met for <TaskInstance: D2020_Dashboard.run_pipeline 2021-01-14T22:00:00+00:00 [queued]>
[2021-01-14 22:02:24,469] {taskinstance.py:670} INFO - Dependencies all met for <TaskInstance: D2020_Dashboard.run_pipeline 2021-01-14T22:00:00+00:00 [queued]>
[2021-01-14 22:02:24,474] {taskinstance.py:880} INFO - 
--------------------------------------------------------------------------------
[2021-01-14 22:02:24,476] {taskinstance.py:881} INFO - Starting attempt 1 of 1
[2021-01-14 22:02:24,479] {taskinstance.py:882} INFO - 
--------------------------------------------------------------------------------
[2021-01-14 22:02:25,182] {taskinstance.py:901} INFO - Executing <Task(PythonOperator): run_pipeline> on 2021-01-14T22:00:00+00:00
[2021-01-14 22:02:25,283] {standard_task_runner.py:54} INFO - Started process 65 to run task
[2021-01-14 22:02:26,246] {standard_task_runner.py:77} INFO - Running: ['airflow', 'run', 'D2020_Dashboard', 'run_pipeline', '2021-01-14T22:00:00+00:00', '--job_id', '57', '--pool', 'default_pool', '--raw', '-sd', 'DAGS_FOLDER/example.py', '--cfg_path', '/tmp/tmp2exu1ws9']
[2021-01-14 22:02:26,291] {standard_task_runner.py:78} INFO - Job 57: Subtask run_pipeline
[2021-01-14 22:02:28,821] {logging_mixin.py:112} INFO - Running <TaskInstance: D2020_Dashboard.run_pipeline 2021-01-14T22:00:00+00:00 [running]> on host 9d99b79fdc20
[2021-01-14 22:02:30,028] {logging_mixin.py:112} INFO -    A  B
0  1  1
1  2  2
2  3  3
[2021-01-14 22:02:30,030] {logging_mixin.py:112} INFO - hello
[2021-01-14 22:02:30,032] {python_operator.py:114} INFO - Done. Returned value was: None
[2021-01-14 22:02:30,357] {taskinstance.py:1070} INFO - Marking task as SUCCESS.dag_id=D2020_Dashboard, task_id=run_pipeline, execution_date=20210114T220000, start_date=20210114T220218, end_date=20210114T220230
[2021-01-14 22:02:32,023] {local_task_job.py:102} INFO - Task exited with return code 0
