[2021-01-14 21:52:35,064] {taskinstance.py:670} INFO - Dependencies all met for <TaskInstance: D2020_Dashboard.run_pipeline 2021-01-14T21:50:00+00:00 [queued]>
[2021-01-14 21:52:35,481] {taskinstance.py:670} INFO - Dependencies all met for <TaskInstance: D2020_Dashboard.run_pipeline 2021-01-14T21:50:00+00:00 [queued]>
[2021-01-14 21:52:35,483] {taskinstance.py:880} INFO - 
--------------------------------------------------------------------------------
[2021-01-14 21:52:35,485] {taskinstance.py:881} INFO - Starting attempt 1 of 1
[2021-01-14 21:52:35,486] {taskinstance.py:882} INFO - 
--------------------------------------------------------------------------------
[2021-01-14 21:52:35,819] {taskinstance.py:901} INFO - Executing <Task(PythonOperator): run_pipeline> on 2021-01-14T21:50:00+00:00
[2021-01-14 21:52:35,826] {standard_task_runner.py:54} INFO - Started process 44 to run task
[2021-01-14 21:52:35,939] {standard_task_runner.py:77} INFO - Running: ['airflow', 'run', 'D2020_Dashboard', 'run_pipeline', '2021-01-14T21:50:00+00:00', '--job_id', '48', '--pool', 'default_pool', '--raw', '-sd', 'DAGS_FOLDER/example.py', '--cfg_path', '/tmp/tmp5byf9vry']
[2021-01-14 21:52:35,941] {standard_task_runner.py:78} INFO - Job 48: Subtask run_pipeline
[2021-01-14 21:52:36,978] {logging_mixin.py:112} INFO - Running <TaskInstance: D2020_Dashboard.run_pipeline 2021-01-14T21:50:00+00:00 [running]> on host 4774ac7765de
[2021-01-14 21:52:37,586] {logging_mixin.py:112} INFO -    A  B
0  1  1
1  2  2
2  3  3
[2021-01-14 21:52:37,589] {logging_mixin.py:112} INFO - hello
[2021-01-14 21:52:37,593] {python_operator.py:114} INFO - Done. Returned value was: None
[2021-01-14 21:52:37,838] {taskinstance.py:1070} INFO - Marking task as SUCCESS.dag_id=D2020_Dashboard, task_id=run_pipeline, execution_date=20210114T215000, start_date=20210114T215235, end_date=20210114T215237
[2021-01-14 21:52:39,685] {local_task_job.py:102} INFO - Task exited with return code 0
