[2021-01-14 15:20:13,134] {taskinstance.py:670} INFO - Dependencies all met for <TaskInstance: D2020_Dashboard.run_pipeline 2021-01-14T15:18:00+00:00 [queued]>
[2021-01-14 15:20:13,594] {taskinstance.py:670} INFO - Dependencies all met for <TaskInstance: D2020_Dashboard.run_pipeline 2021-01-14T15:18:00+00:00 [queued]>
[2021-01-14 15:20:13,597] {taskinstance.py:880} INFO - 
--------------------------------------------------------------------------------
[2021-01-14 15:20:13,600] {taskinstance.py:881} INFO - Starting attempt 1 of 1
[2021-01-14 15:20:13,603] {taskinstance.py:882} INFO - 
--------------------------------------------------------------------------------
[2021-01-14 15:20:13,967] {taskinstance.py:901} INFO - Executing <Task(PythonOperator): run_pipeline> on 2021-01-14T15:18:00+00:00
[2021-01-14 15:20:13,974] {standard_task_runner.py:54} INFO - Started process 143 to run task
[2021-01-14 15:20:14,125] {standard_task_runner.py:77} INFO - Running: ['airflow', 'run', 'D2020_Dashboard', 'run_pipeline', '2021-01-14T15:18:00+00:00', '--job_id', '23', '--pool', 'default_pool', '--raw', '-sd', 'DAGS_FOLDER/example.py', '--cfg_path', '/tmp/tmptlobwj3k']
[2021-01-14 15:20:14,127] {standard_task_runner.py:78} INFO - Job 23: Subtask run_pipeline
[2021-01-14 15:20:15,346] {logging_mixin.py:112} INFO - Running <TaskInstance: D2020_Dashboard.run_pipeline 2021-01-14T15:18:00+00:00 [running]> on host 29b0a9377858
[2021-01-14 15:20:15,965] {logging_mixin.py:112} INFO -    A  B
0  1  1
1  2  2
2  3  3
[2021-01-14 15:20:15,971] {logging_mixin.py:112} INFO - hello
[2021-01-14 15:20:15,984] {python_operator.py:114} INFO - Done. Returned value was: None
[2021-01-14 15:20:16,278] {taskinstance.py:1070} INFO - Marking task as SUCCESS.dag_id=D2020_Dashboard, task_id=run_pipeline, execution_date=20210114T151800, start_date=20210114T152013, end_date=20210114T152016
[2021-01-14 15:20:17,844] {local_task_job.py:102} INFO - Task exited with return code 0
