[2021-01-14 22:18:10,046] {taskinstance.py:670} INFO - Dependencies all met for <TaskInstance: D2020_Dashboard.run_pipeline 2021-01-14T22:16:00+00:00 [queued]>
[2021-01-14 22:18:10,608] {taskinstance.py:670} INFO - Dependencies all met for <TaskInstance: D2020_Dashboard.run_pipeline 2021-01-14T22:16:00+00:00 [queued]>
[2021-01-14 22:18:10,613] {taskinstance.py:880} INFO - 
--------------------------------------------------------------------------------
[2021-01-14 22:18:10,616] {taskinstance.py:881} INFO - Starting attempt 1 of 1
[2021-01-14 22:18:10,618] {taskinstance.py:882} INFO - 
--------------------------------------------------------------------------------
[2021-01-14 22:18:10,727] {taskinstance.py:901} INFO - Executing <Task(PythonOperator): run_pipeline> on 2021-01-14T22:16:00+00:00
[2021-01-14 22:18:10,737] {standard_task_runner.py:54} INFO - Started process 64 to run task
[2021-01-14 22:18:10,889] {standard_task_runner.py:77} INFO - Running: ['airflow', 'run', 'D2020_Dashboard', 'run_pipeline', '2021-01-14T22:16:00+00:00', '--job_id', '70', '--pool', 'default_pool', '--raw', '-sd', 'DAGS_FOLDER/example.py', '--cfg_path', '/tmp/tmpwgjeh7fz']
[2021-01-14 22:18:10,893] {standard_task_runner.py:78} INFO - Job 70: Subtask run_pipeline
[2021-01-14 22:18:12,029] {logging_mixin.py:112} INFO - Running <TaskInstance: D2020_Dashboard.run_pipeline 2021-01-14T22:16:00+00:00 [running]> on host cc35811f9a97
[2021-01-14 22:18:12,543] {logging_mixin.py:112} INFO -    A  B
0  1  1
1  2  2
2  3  3
[2021-01-14 22:18:12,546] {logging_mixin.py:112} INFO - hello
[2021-01-14 22:18:12,549] {python_operator.py:114} INFO - Done. Returned value was: None
[2021-01-14 22:18:12,805] {taskinstance.py:1070} INFO - Marking task as SUCCESS.dag_id=D2020_Dashboard, task_id=run_pipeline, execution_date=20210114T221600, start_date=20210114T221810, end_date=20210114T221812
[2021-01-14 22:18:14,773] {local_task_job.py:102} INFO - Task exited with return code 0
