[2021-01-14 21:38:13,341] {taskinstance.py:670} INFO - Dependencies all met for <TaskInstance: D2020_Dashboard.run_pipeline 2021-01-14T21:36:00+00:00 [queued]>
[2021-01-14 21:38:13,802] {taskinstance.py:670} INFO - Dependencies all met for <TaskInstance: D2020_Dashboard.run_pipeline 2021-01-14T21:36:00+00:00 [queued]>
[2021-01-14 21:38:13,806] {taskinstance.py:880} INFO - 
--------------------------------------------------------------------------------
[2021-01-14 21:38:13,809] {taskinstance.py:881} INFO - Starting attempt 1 of 1
[2021-01-14 21:38:13,811] {taskinstance.py:882} INFO - 
--------------------------------------------------------------------------------
[2021-01-14 21:38:14,110] {taskinstance.py:901} INFO - Executing <Task(PythonOperator): run_pipeline> on 2021-01-14T21:36:00+00:00
[2021-01-14 21:38:14,134] {standard_task_runner.py:54} INFO - Started process 104 to run task
[2021-01-14 21:38:14,596] {standard_task_runner.py:77} INFO - Running: ['airflow', 'run', 'D2020_Dashboard', 'run_pipeline', '2021-01-14T21:36:00+00:00', '--job_id', '36', '--pool', 'default_pool', '--raw', '-sd', 'DAGS_FOLDER/example.py', '--cfg_path', '/tmp/tmpzmt01sxi']
[2021-01-14 21:38:14,598] {standard_task_runner.py:78} INFO - Job 36: Subtask run_pipeline
[2021-01-14 21:38:15,728] {logging_mixin.py:112} INFO - Running <TaskInstance: D2020_Dashboard.run_pipeline 2021-01-14T21:36:00+00:00 [running]> on host cce419a8e5f3
[2021-01-14 21:38:16,447] {logging_mixin.py:112} INFO -    A  B
0  1  1
1  2  2
2  3  3
[2021-01-14 21:38:16,450] {logging_mixin.py:112} INFO - hello
[2021-01-14 21:38:16,453] {python_operator.py:114} INFO - Done. Returned value was: None
[2021-01-14 21:38:16,697] {taskinstance.py:1070} INFO - Marking task as SUCCESS.dag_id=D2020_Dashboard, task_id=run_pipeline, execution_date=20210114T213600, start_date=20210114T213813, end_date=20210114T213816
[2021-01-14 21:38:18,326] {local_task_job.py:102} INFO - Task exited with return code 0
