[2021-01-14 21:46:09,598] {taskinstance.py:670} INFO - Dependencies all met for <TaskInstance: D2020_Dashboard.run_pipeline 2021-01-14T21:44:00+00:00 [queued]>
[2021-01-14 21:46:09,966] {taskinstance.py:670} INFO - Dependencies all met for <TaskInstance: D2020_Dashboard.run_pipeline 2021-01-14T21:44:00+00:00 [queued]>
[2021-01-14 21:46:09,969] {taskinstance.py:880} INFO - 
--------------------------------------------------------------------------------
[2021-01-14 21:46:09,971] {taskinstance.py:881} INFO - Starting attempt 1 of 1
[2021-01-14 21:46:09,978] {taskinstance.py:882} INFO - 
--------------------------------------------------------------------------------
[2021-01-14 21:46:10,330] {taskinstance.py:901} INFO - Executing <Task(PythonOperator): run_pipeline> on 2021-01-14T21:44:00+00:00
[2021-01-14 21:46:10,338] {standard_task_runner.py:54} INFO - Started process 144 to run task
[2021-01-14 21:46:10,453] {standard_task_runner.py:77} INFO - Running: ['airflow', 'run', 'D2020_Dashboard', 'run_pipeline', '2021-01-14T21:44:00+00:00', '--job_id', '44', '--pool', 'default_pool', '--raw', '-sd', 'DAGS_FOLDER/example.py', '--cfg_path', '/tmp/tmp6hsao62t']
[2021-01-14 21:46:10,456] {standard_task_runner.py:78} INFO - Job 44: Subtask run_pipeline
[2021-01-14 21:46:11,518] {logging_mixin.py:112} INFO - Running <TaskInstance: D2020_Dashboard.run_pipeline 2021-01-14T21:44:00+00:00 [running]> on host cce419a8e5f3
[2021-01-14 21:46:12,127] {logging_mixin.py:112} INFO -    A  B
0  1  1
1  2  2
2  3  3
[2021-01-14 21:46:12,129] {logging_mixin.py:112} INFO - hello
[2021-01-14 21:46:12,131] {python_operator.py:114} INFO - Done. Returned value was: None
[2021-01-14 21:46:12,389] {taskinstance.py:1070} INFO - Marking task as SUCCESS.dag_id=D2020_Dashboard, task_id=run_pipeline, execution_date=20210114T214400, start_date=20210114T214609, end_date=20210114T214612
[2021-01-14 21:46:14,351] {local_task_job.py:102} INFO - Task exited with return code 0
