[2021-01-14 22:44:09,698] {taskinstance.py:670} INFO - Dependencies all met for <TaskInstance: D2020_Dashboard.run_pipeline 2021-01-14T22:42:00+00:00 [queued]>
[2021-01-14 22:44:10,274] {taskinstance.py:670} INFO - Dependencies all met for <TaskInstance: D2020_Dashboard.run_pipeline 2021-01-14T22:42:00+00:00 [queued]>
[2021-01-14 22:44:10,276] {taskinstance.py:880} INFO - 
--------------------------------------------------------------------------------
[2021-01-14 22:44:10,277] {taskinstance.py:881} INFO - Starting attempt 1 of 1
[2021-01-14 22:44:10,279] {taskinstance.py:882} INFO - 
--------------------------------------------------------------------------------
[2021-01-14 22:44:10,376] {taskinstance.py:901} INFO - Executing <Task(PythonOperator): run_pipeline> on 2021-01-14T22:42:00+00:00
[2021-01-14 22:44:10,387] {standard_task_runner.py:54} INFO - Started process 76 to run task
[2021-01-14 22:44:10,568] {standard_task_runner.py:77} INFO - Running: ['airflow', 'run', 'D2020_Dashboard', 'run_pipeline', '2021-01-14T22:42:00+00:00', '--job_id', '94', '--pool', 'default_pool', '--raw', '-sd', 'DAGS_FOLDER/example.py', '--cfg_path', '/tmp/tmpo45es5ks']
[2021-01-14 22:44:10,577] {standard_task_runner.py:78} INFO - Job 94: Subtask run_pipeline
[2021-01-14 22:44:11,578] {logging_mixin.py:112} INFO - Running <TaskInstance: D2020_Dashboard.run_pipeline 2021-01-14T22:42:00+00:00 [running]> on host 79ecd04028bf
[2021-01-14 22:44:12,115] {logging_mixin.py:112} INFO -    A  B
0  1  1
1  2  2
2  3  3
[2021-01-14 22:44:12,117] {logging_mixin.py:112} INFO - hello
[2021-01-14 22:44:12,119] {python_operator.py:114} INFO - Done. Returned value was: None
[2021-01-14 22:44:12,361] {taskinstance.py:1070} INFO - Marking task as SUCCESS.dag_id=D2020_Dashboard, task_id=run_pipeline, execution_date=20210114T224200, start_date=20210114T224409, end_date=20210114T224412
[2021-01-14 22:44:14,375] {local_task_job.py:102} INFO - Task exited with return code 0
