[2021-01-14 22:00:49,205] {taskinstance.py:670} INFO - Dependencies all met for <TaskInstance: D2020_Dashboard.run_pipeline 2021-01-14T21:58:00+00:00 [queued]>
[2021-01-14 22:00:50,067] {taskinstance.py:670} INFO - Dependencies all met for <TaskInstance: D2020_Dashboard.run_pipeline 2021-01-14T21:58:00+00:00 [queued]>
[2021-01-14 22:00:50,070] {taskinstance.py:880} INFO - 
--------------------------------------------------------------------------------
[2021-01-14 22:00:50,074] {taskinstance.py:881} INFO - Starting attempt 1 of 1
[2021-01-14 22:00:50,078] {taskinstance.py:882} INFO - 
--------------------------------------------------------------------------------
[2021-01-14 22:00:50,524] {taskinstance.py:901} INFO - Executing <Task(PythonOperator): run_pipeline> on 2021-01-14T21:58:00+00:00
[2021-01-14 22:00:50,556] {standard_task_runner.py:54} INFO - Started process 52 to run task
[2021-01-14 22:00:51,999] {standard_task_runner.py:77} INFO - Running: ['airflow', 'run', 'D2020_Dashboard', 'run_pipeline', '2021-01-14T21:58:00+00:00', '--job_id', '53', '--pool', 'default_pool', '--raw', '-sd', 'DAGS_FOLDER/example.py', '--cfg_path', '/tmp/tmp4q9djl9f']
[2021-01-14 22:00:52,045] {standard_task_runner.py:78} INFO - Job 53: Subtask run_pipeline
[2021-01-14 22:00:53,322] {logging_mixin.py:112} INFO - Running <TaskInstance: D2020_Dashboard.run_pipeline 2021-01-14T21:58:00+00:00 [running]> on host 9d99b79fdc20
[2021-01-14 22:00:55,566] {logging_mixin.py:112} INFO -    A  B
0  1  1
1  2  2
2  3  3
[2021-01-14 22:00:55,656] {logging_mixin.py:112} INFO - hello
[2021-01-14 22:00:55,664] {python_operator.py:114} INFO - Done. Returned value was: None
[2021-01-14 22:00:56,069] {taskinstance.py:1070} INFO - Marking task as SUCCESS.dag_id=D2020_Dashboard, task_id=run_pipeline, execution_date=20210114T215800, start_date=20210114T220049, end_date=20210114T220056
[2021-01-14 22:00:59,972] {local_task_job.py:102} INFO - Task exited with return code 0
