[2021-01-14 22:42:11,860] {taskinstance.py:670} INFO - Dependencies all met for <TaskInstance: D2020_Dashboard.run_pipeline 2021-01-14T22:40:00+00:00 [queued]>
[2021-01-14 22:42:12,290] {taskinstance.py:670} INFO - Dependencies all met for <TaskInstance: D2020_Dashboard.run_pipeline 2021-01-14T22:40:00+00:00 [queued]>
[2021-01-14 22:42:12,295] {taskinstance.py:880} INFO - 
--------------------------------------------------------------------------------
[2021-01-14 22:42:12,299] {taskinstance.py:881} INFO - Starting attempt 1 of 1
[2021-01-14 22:42:12,301] {taskinstance.py:882} INFO - 
--------------------------------------------------------------------------------
[2021-01-14 22:42:12,724] {taskinstance.py:901} INFO - Executing <Task(PythonOperator): run_pipeline> on 2021-01-14T22:40:00+00:00
[2021-01-14 22:42:12,736] {standard_task_runner.py:54} INFO - Started process 65 to run task
[2021-01-14 22:42:13,045] {standard_task_runner.py:77} INFO - Running: ['airflow', 'run', 'D2020_Dashboard', 'run_pipeline', '2021-01-14T22:40:00+00:00', '--job_id', '91', '--pool', 'default_pool', '--raw', '-sd', 'DAGS_FOLDER/example.py', '--cfg_path', '/tmp/tmpx5a4vpfb']
[2021-01-14 22:42:13,048] {standard_task_runner.py:78} INFO - Job 91: Subtask run_pipeline
[2021-01-14 22:42:14,116] {logging_mixin.py:112} INFO - Running <TaskInstance: D2020_Dashboard.run_pipeline 2021-01-14T22:40:00+00:00 [running]> on host 79ecd04028bf
[2021-01-14 22:42:14,656] {logging_mixin.py:112} INFO -    A  B
0  1  1
1  2  2
2  3  3
[2021-01-14 22:42:14,661] {logging_mixin.py:112} INFO - hello
[2021-01-14 22:42:14,663] {python_operator.py:114} INFO - Done. Returned value was: None
[2021-01-14 22:42:14,974] {taskinstance.py:1070} INFO - Marking task as SUCCESS.dag_id=D2020_Dashboard, task_id=run_pipeline, execution_date=20210114T224000, start_date=20210114T224211, end_date=20210114T224214
[2021-01-14 22:42:16,559] {local_task_job.py:102} INFO - Task exited with return code 0
