[2021-01-14 20:58:10,307] {taskinstance.py:670} INFO - Dependencies all met for <TaskInstance: D2020_Dashboard.run_pipeline 2021-01-14T20:56:00+00:00 [queued]>
[2021-01-14 20:58:10,871] {taskinstance.py:670} INFO - Dependencies all met for <TaskInstance: D2020_Dashboard.run_pipeline 2021-01-14T20:56:00+00:00 [queued]>
[2021-01-14 20:58:10,875] {taskinstance.py:880} INFO - 
--------------------------------------------------------------------------------
[2021-01-14 20:58:10,877] {taskinstance.py:881} INFO - Starting attempt 1 of 1
[2021-01-14 20:58:10,879] {taskinstance.py:882} INFO - 
--------------------------------------------------------------------------------
[2021-01-14 20:58:11,006] {taskinstance.py:901} INFO - Executing <Task(PythonOperator): run_pipeline> on 2021-01-14T20:56:00+00:00
[2021-01-14 20:58:11,023] {standard_task_runner.py:54} INFO - Started process 113 to run task
[2021-01-14 20:58:11,113] {standard_task_runner.py:77} INFO - Running: ['airflow', 'run', 'D2020_Dashboard', 'run_pipeline', '2021-01-14T20:56:00+00:00', '--job_id', '14', '--pool', 'default_pool', '--raw', '-sd', 'DAGS_FOLDER/example.py', '--cfg_path', '/tmp/tmpey00iofg']
[2021-01-14 20:58:11,116] {standard_task_runner.py:78} INFO - Job 14: Subtask run_pipeline
[2021-01-14 20:58:12,180] {logging_mixin.py:112} INFO - Running <TaskInstance: D2020_Dashboard.run_pipeline 2021-01-14T20:56:00+00:00 [running]> on host cce419a8e5f3
[2021-01-14 20:58:12,663] {logging_mixin.py:112} INFO -    A  B
0  1  1
1  2  2
2  3  3
[2021-01-14 20:58:12,664] {logging_mixin.py:112} INFO - hello
[2021-01-14 20:58:12,666] {python_operator.py:114} INFO - Done. Returned value was: None
[2021-01-14 20:58:12,894] {taskinstance.py:1070} INFO - Marking task as SUCCESS.dag_id=D2020_Dashboard, task_id=run_pipeline, execution_date=20210114T205600, start_date=20210114T205810, end_date=20210114T205812
[2021-01-14 20:58:14,961] {local_task_job.py:102} INFO - Task exited with return code 0
