[2021-01-14 21:32:18,143] {taskinstance.py:670} INFO - Dependencies all met for <TaskInstance: D2020_Dashboard.run_pipeline 2021-01-14T21:30:00+00:00 [queued]>
[2021-01-14 21:32:18,546] {taskinstance.py:670} INFO - Dependencies all met for <TaskInstance: D2020_Dashboard.run_pipeline 2021-01-14T21:30:00+00:00 [queued]>
[2021-01-14 21:32:18,548] {taskinstance.py:880} INFO - 
--------------------------------------------------------------------------------
[2021-01-14 21:32:18,550] {taskinstance.py:881} INFO - Starting attempt 1 of 1
[2021-01-14 21:32:18,552] {taskinstance.py:882} INFO - 
--------------------------------------------------------------------------------
[2021-01-14 21:32:18,829] {taskinstance.py:901} INFO - Executing <Task(PythonOperator): run_pipeline> on 2021-01-14T21:30:00+00:00
[2021-01-14 21:32:18,835] {standard_task_runner.py:54} INFO - Started process 68 to run task
[2021-01-14 21:32:18,983] {standard_task_runner.py:77} INFO - Running: ['airflow', 'run', 'D2020_Dashboard', 'run_pipeline', '2021-01-14T21:30:00+00:00', '--job_id', '29', '--pool', 'default_pool', '--raw', '-sd', 'DAGS_FOLDER/example.py', '--cfg_path', '/tmp/tmptdn9f0z2']
[2021-01-14 21:32:18,987] {standard_task_runner.py:78} INFO - Job 29: Subtask run_pipeline
[2021-01-14 21:32:19,976] {logging_mixin.py:112} INFO - Running <TaskInstance: D2020_Dashboard.run_pipeline 2021-01-14T21:30:00+00:00 [running]> on host cce419a8e5f3
[2021-01-14 21:32:20,514] {logging_mixin.py:112} INFO -    A  B
0  1  1
1  2  2
2  3  3
[2021-01-14 21:32:20,516] {logging_mixin.py:112} INFO - hello
[2021-01-14 21:32:20,518] {python_operator.py:114} INFO - Done. Returned value was: None
[2021-01-14 21:32:20,763] {taskinstance.py:1070} INFO - Marking task as SUCCESS.dag_id=D2020_Dashboard, task_id=run_pipeline, execution_date=20210114T213000, start_date=20210114T213218, end_date=20210114T213220
[2021-01-14 21:32:22,734] {local_task_job.py:102} INFO - Task exited with return code 0
