[2021-01-14 15:22:12,550] {taskinstance.py:670} INFO - Dependencies all met for <TaskInstance: D2020_Dashboard.run_pipeline 2021-01-14T15:20:00+00:00 [queued]>
[2021-01-14 15:22:12,912] {taskinstance.py:670} INFO - Dependencies all met for <TaskInstance: D2020_Dashboard.run_pipeline 2021-01-14T15:20:00+00:00 [queued]>
[2021-01-14 15:22:12,915] {taskinstance.py:880} INFO - 
--------------------------------------------------------------------------------
[2021-01-14 15:22:12,919] {taskinstance.py:881} INFO - Starting attempt 1 of 1
[2021-01-14 15:22:12,922] {taskinstance.py:882} INFO - 
--------------------------------------------------------------------------------
[2021-01-14 15:22:13,297] {taskinstance.py:901} INFO - Executing <Task(PythonOperator): run_pipeline> on 2021-01-14T15:20:00+00:00
[2021-01-14 15:22:13,312] {standard_task_runner.py:54} INFO - Started process 154 to run task
[2021-01-14 15:22:13,421] {standard_task_runner.py:77} INFO - Running: ['airflow', 'run', 'D2020_Dashboard', 'run_pipeline', '2021-01-14T15:20:00+00:00', '--job_id', '26', '--pool', 'default_pool', '--raw', '-sd', 'DAGS_FOLDER/example.py', '--cfg_path', '/tmp/tmpfu_m3rle']
[2021-01-14 15:22:13,424] {standard_task_runner.py:78} INFO - Job 26: Subtask run_pipeline
[2021-01-14 15:22:14,470] {logging_mixin.py:112} INFO - Running <TaskInstance: D2020_Dashboard.run_pipeline 2021-01-14T15:20:00+00:00 [running]> on host 29b0a9377858
[2021-01-14 15:22:15,249] {logging_mixin.py:112} INFO -    A  B
0  1  1
1  2  2
2  3  3
[2021-01-14 15:22:15,253] {logging_mixin.py:112} INFO - hello
[2021-01-14 15:22:15,256] {python_operator.py:114} INFO - Done. Returned value was: None
[2021-01-14 15:22:15,513] {taskinstance.py:1070} INFO - Marking task as SUCCESS.dag_id=D2020_Dashboard, task_id=run_pipeline, execution_date=20210114T152000, start_date=20210114T152212, end_date=20210114T152215
[2021-01-14 15:22:17,163] {local_task_job.py:102} INFO - Task exited with return code 0
