[2021-01-14 21:48:12,674] {taskinstance.py:670} INFO - Dependencies all met for <TaskInstance: D2020_Dashboard.run_pipeline 2021-01-14T21:46:00+00:00 [queued]>
[2021-01-14 21:48:13,062] {taskinstance.py:670} INFO - Dependencies all met for <TaskInstance: D2020_Dashboard.run_pipeline 2021-01-14T21:46:00+00:00 [queued]>
[2021-01-14 21:48:13,064] {taskinstance.py:880} INFO - 
--------------------------------------------------------------------------------
[2021-01-14 21:48:13,067] {taskinstance.py:881} INFO - Starting attempt 1 of 1
[2021-01-14 21:48:13,069] {taskinstance.py:882} INFO - 
--------------------------------------------------------------------------------
[2021-01-14 21:48:13,403] {taskinstance.py:901} INFO - Executing <Task(PythonOperator): run_pipeline> on 2021-01-14T21:46:00+00:00
[2021-01-14 21:48:13,425] {standard_task_runner.py:54} INFO - Started process 153 to run task
[2021-01-14 21:48:13,598] {standard_task_runner.py:77} INFO - Running: ['airflow', 'run', 'D2020_Dashboard', 'run_pipeline', '2021-01-14T21:46:00+00:00', '--job_id', '45', '--pool', 'default_pool', '--raw', '-sd', 'DAGS_FOLDER/example.py', '--cfg_path', '/tmp/tmpf2kwnxbh']
[2021-01-14 21:48:13,601] {standard_task_runner.py:78} INFO - Job 45: Subtask run_pipeline
[2021-01-14 21:48:14,607] {logging_mixin.py:112} INFO - Running <TaskInstance: D2020_Dashboard.run_pipeline 2021-01-14T21:46:00+00:00 [running]> on host cce419a8e5f3
[2021-01-14 21:48:15,216] {logging_mixin.py:112} INFO -    A  B
0  1  1
1  2  2
2  3  3
[2021-01-14 21:48:15,218] {logging_mixin.py:112} INFO - hello
[2021-01-14 21:48:15,226] {python_operator.py:114} INFO - Done. Returned value was: None
[2021-01-14 21:48:15,477] {taskinstance.py:1070} INFO - Marking task as SUCCESS.dag_id=D2020_Dashboard, task_id=run_pipeline, execution_date=20210114T214600, start_date=20210114T214812, end_date=20210114T214815
[2021-01-14 21:48:17,341] {local_task_job.py:102} INFO - Task exited with return code 0
