[2021-01-14 15:13:01,153] {taskinstance.py:670} INFO - Dependencies all met for <TaskInstance: D2020_Dashboard.run_pipeline 2021-01-14T15:09:00+00:00 [queued]>
[2021-01-14 15:13:01,755] {taskinstance.py:670} INFO - Dependencies all met for <TaskInstance: D2020_Dashboard.run_pipeline 2021-01-14T15:09:00+00:00 [queued]>
[2021-01-14 15:13:01,757] {taskinstance.py:880} INFO - 
--------------------------------------------------------------------------------
[2021-01-14 15:13:01,758] {taskinstance.py:881} INFO - Starting attempt 1 of 1
[2021-01-14 15:13:01,760] {taskinstance.py:882} INFO - 
--------------------------------------------------------------------------------
[2021-01-14 15:13:01,851] {taskinstance.py:901} INFO - Executing <Task(PythonOperator): run_pipeline> on 2021-01-14T15:09:00+00:00
[2021-01-14 15:13:01,865] {standard_task_runner.py:54} INFO - Started process 101 to run task
[2021-01-14 15:13:01,992] {standard_task_runner.py:77} INFO - Running: ['airflow', 'run', 'D2020_Dashboard', 'run_pipeline', '2021-01-14T15:09:00+00:00', '--job_id', '14', '--pool', 'default_pool', '--raw', '-sd', 'DAGS_FOLDER/example.py', '--cfg_path', '/tmp/tmpzquyu9za']
[2021-01-14 15:13:02,000] {standard_task_runner.py:78} INFO - Job 14: Subtask run_pipeline
[2021-01-14 15:13:03,155] {logging_mixin.py:112} INFO - Running <TaskInstance: D2020_Dashboard.run_pipeline 2021-01-14T15:09:00+00:00 [running]> on host 29b0a9377858
[2021-01-14 15:13:03,801] {logging_mixin.py:112} INFO -    A  B
0  1  1
1  2  2
2  3  3
[2021-01-14 15:13:03,864] {logging_mixin.py:112} INFO - hello
[2021-01-14 15:13:03,886] {python_operator.py:114} INFO - Done. Returned value was: None
[2021-01-14 15:13:04,359] {taskinstance.py:1070} INFO - Marking task as SUCCESS.dag_id=D2020_Dashboard, task_id=run_pipeline, execution_date=20210114T150900, start_date=20210114T151301, end_date=20210114T151304
[2021-01-14 15:13:06,177] {local_task_job.py:102} INFO - Task exited with return code 0
