[2021-01-14 22:32:16,113] {taskinstance.py:670} INFO - Dependencies all met for <TaskInstance: D2020_Dashboard.run_pipeline 2021-01-14T22:30:00+00:00 [queued]>
[2021-01-14 22:32:16,708] {taskinstance.py:670} INFO - Dependencies all met for <TaskInstance: D2020_Dashboard.run_pipeline 2021-01-14T22:30:00+00:00 [queued]>
[2021-01-14 22:32:16,717] {taskinstance.py:880} INFO - 
--------------------------------------------------------------------------------
[2021-01-14 22:32:16,721] {taskinstance.py:881} INFO - Starting attempt 1 of 1
[2021-01-14 22:32:16,727] {taskinstance.py:882} INFO - 
--------------------------------------------------------------------------------
[2021-01-14 22:32:17,119] {taskinstance.py:901} INFO - Executing <Task(PythonOperator): run_pipeline> on 2021-01-14T22:30:00+00:00
[2021-01-14 22:32:17,140] {standard_task_runner.py:54} INFO - Started process 43 to run task
[2021-01-14 22:32:17,247] {standard_task_runner.py:77} INFO - Running: ['airflow', 'run', 'D2020_Dashboard', 'run_pipeline', '2021-01-14T22:30:00+00:00', '--job_id', '85', '--pool', 'default_pool', '--raw', '-sd', 'DAGS_FOLDER/example.py', '--cfg_path', '/tmp/tmpg8brqlsk']
[2021-01-14 22:32:17,249] {standard_task_runner.py:78} INFO - Job 85: Subtask run_pipeline
[2021-01-14 22:32:18,354] {logging_mixin.py:112} INFO - Running <TaskInstance: D2020_Dashboard.run_pipeline 2021-01-14T22:30:00+00:00 [running]> on host a6e827f6b49a
[2021-01-14 22:32:19,058] {logging_mixin.py:112} INFO -    A  B
0  1  1
1  2  2
2  3  3
[2021-01-14 22:32:19,060] {logging_mixin.py:112} INFO - hello
[2021-01-14 22:32:19,068] {python_operator.py:114} INFO - Done. Returned value was: None
[2021-01-14 22:32:19,324] {taskinstance.py:1070} INFO - Marking task as SUCCESS.dag_id=D2020_Dashboard, task_id=run_pipeline, execution_date=20210114T223000, start_date=20210114T223216, end_date=20210114T223219
[2021-01-14 22:32:20,629] {local_task_job.py:102} INFO - Task exited with return code 0
