[2021-01-14 21:42:12,986] {taskinstance.py:670} INFO - Dependencies all met for <TaskInstance: D2020_Dashboard.run_pipeline 2021-01-14T21:40:00+00:00 [queued]>
[2021-01-14 21:42:13,539] {taskinstance.py:670} INFO - Dependencies all met for <TaskInstance: D2020_Dashboard.run_pipeline 2021-01-14T21:40:00+00:00 [queued]>
[2021-01-14 21:42:13,541] {taskinstance.py:880} INFO - 
--------------------------------------------------------------------------------
[2021-01-14 21:42:13,546] {taskinstance.py:881} INFO - Starting attempt 1 of 1
[2021-01-14 21:42:13,548] {taskinstance.py:882} INFO - 
--------------------------------------------------------------------------------
[2021-01-14 21:42:13,662] {taskinstance.py:901} INFO - Executing <Task(PythonOperator): run_pipeline> on 2021-01-14T21:40:00+00:00
[2021-01-14 21:42:13,686] {standard_task_runner.py:54} INFO - Started process 123 to run task
[2021-01-14 21:42:13,978] {standard_task_runner.py:77} INFO - Running: ['airflow', 'run', 'D2020_Dashboard', 'run_pipeline', '2021-01-14T21:40:00+00:00', '--job_id', '39', '--pool', 'default_pool', '--raw', '-sd', 'DAGS_FOLDER/example.py', '--cfg_path', '/tmp/tmpnej9vcb4']
[2021-01-14 21:42:13,999] {standard_task_runner.py:78} INFO - Job 39: Subtask run_pipeline
[2021-01-14 21:42:15,214] {logging_mixin.py:112} INFO - Running <TaskInstance: D2020_Dashboard.run_pipeline 2021-01-14T21:40:00+00:00 [running]> on host cce419a8e5f3
[2021-01-14 21:42:15,963] {logging_mixin.py:112} INFO -    A  B
0  1  1
1  2  2
2  3  3
[2021-01-14 21:42:15,968] {logging_mixin.py:112} INFO - hello
[2021-01-14 21:42:15,971] {python_operator.py:114} INFO - Done. Returned value was: None
[2021-01-14 21:42:16,252] {taskinstance.py:1070} INFO - Marking task as SUCCESS.dag_id=D2020_Dashboard, task_id=run_pipeline, execution_date=20210114T214000, start_date=20210114T214212, end_date=20210114T214216
[2021-01-14 21:42:17,615] {local_task_job.py:102} INFO - Task exited with return code 0
