[2021-01-14 21:34:12,773] {taskinstance.py:670} INFO - Dependencies all met for <TaskInstance: D2020_Dashboard.run_pipeline 2021-01-14T21:32:00+00:00 [queued]>
[2021-01-14 21:34:13,168] {taskinstance.py:670} INFO - Dependencies all met for <TaskInstance: D2020_Dashboard.run_pipeline 2021-01-14T21:32:00+00:00 [queued]>
[2021-01-14 21:34:13,170] {taskinstance.py:880} INFO - 
--------------------------------------------------------------------------------
[2021-01-14 21:34:13,172] {taskinstance.py:881} INFO - Starting attempt 1 of 1
[2021-01-14 21:34:13,174] {taskinstance.py:882} INFO - 
--------------------------------------------------------------------------------
[2021-01-14 21:34:13,585] {taskinstance.py:901} INFO - Executing <Task(PythonOperator): run_pipeline> on 2021-01-14T21:32:00+00:00
[2021-01-14 21:34:13,602] {standard_task_runner.py:54} INFO - Started process 79 to run task
[2021-01-14 21:34:13,740] {standard_task_runner.py:77} INFO - Running: ['airflow', 'run', 'D2020_Dashboard', 'run_pipeline', '2021-01-14T21:32:00+00:00', '--job_id', '32', '--pool', 'default_pool', '--raw', '-sd', 'DAGS_FOLDER/example.py', '--cfg_path', '/tmp/tmpl0mwvg72']
[2021-01-14 21:34:13,743] {standard_task_runner.py:78} INFO - Job 32: Subtask run_pipeline
[2021-01-14 21:34:14,776] {logging_mixin.py:112} INFO - Running <TaskInstance: D2020_Dashboard.run_pipeline 2021-01-14T21:32:00+00:00 [running]> on host cce419a8e5f3
[2021-01-14 21:34:15,425] {logging_mixin.py:112} INFO -    A  B
0  1  1
1  2  2
2  3  3
[2021-01-14 21:34:15,427] {logging_mixin.py:112} INFO - hello
[2021-01-14 21:34:15,430] {python_operator.py:114} INFO - Done. Returned value was: None
[2021-01-14 21:34:15,692] {taskinstance.py:1070} INFO - Marking task as SUCCESS.dag_id=D2020_Dashboard, task_id=run_pipeline, execution_date=20210114T213200, start_date=20210114T213412, end_date=20210114T213415
[2021-01-14 21:34:17,401] {local_task_job.py:102} INFO - Task exited with return code 0
