[2021-01-14 14:55:03,799] {taskinstance.py:670} INFO - Dependencies all met for <TaskInstance: D2020_Dashboard.run_pipeline 2021-01-14T13:05:00+00:00 [queued]>
[2021-01-14 14:55:04,249] {taskinstance.py:670} INFO - Dependencies all met for <TaskInstance: D2020_Dashboard.run_pipeline 2021-01-14T13:05:00+00:00 [queued]>
[2021-01-14 14:55:04,252] {taskinstance.py:880} INFO - 
--------------------------------------------------------------------------------
[2021-01-14 14:55:04,254] {taskinstance.py:881} INFO - Starting attempt 1 of 1
[2021-01-14 14:55:04,257] {taskinstance.py:882} INFO - 
--------------------------------------------------------------------------------
[2021-01-14 14:55:04,601] {taskinstance.py:901} INFO - Executing <Task(PythonOperator): run_pipeline> on 2021-01-14T13:05:00+00:00
[2021-01-14 14:55:04,617] {standard_task_runner.py:54} INFO - Started process 52 to run task
[2021-01-14 14:55:06,172] {standard_task_runner.py:77} INFO - Running: ['airflow', 'run', 'D2020_Dashboard', 'run_pipeline', '2021-01-14T13:05:00+00:00', '--job_id', '4', '--pool', 'default_pool', '--raw', '-sd', 'DAGS_FOLDER/example.py', '--cfg_path', '/tmp/tmps91qq4_o']
[2021-01-14 14:55:06,180] {standard_task_runner.py:78} INFO - Job 4: Subtask run_pipeline
[2021-01-14 14:55:07,479] {logging_mixin.py:112} INFO - Running <TaskInstance: D2020_Dashboard.run_pipeline 2021-01-14T13:05:00+00:00 [running]> on host 29b0a9377858
[2021-01-14 14:55:08,511] {logging_mixin.py:112} INFO -    A  B
0  1  1
1  2  2
2  3  3
[2021-01-14 14:55:08,533] {logging_mixin.py:112} INFO - hello
[2021-01-14 14:55:08,542] {python_operator.py:114} INFO - Done. Returned value was: None
[2021-01-14 14:55:08,804] {taskinstance.py:1070} INFO - Marking task as SUCCESS.dag_id=D2020_Dashboard, task_id=run_pipeline, execution_date=20210114T130500, start_date=20210114T145503, end_date=20210114T145508
[2021-01-14 14:55:13,730] {local_task_job.py:102} INFO - Task exited with return code 0
