[2021-01-14 22:39:18,502] {taskinstance.py:670} INFO - Dependencies all met for <TaskInstance: D2020_Dashboard.run_pipeline 2021-01-14T22:36:00+00:00 [queued]>
[2021-01-14 22:39:18,900] {taskinstance.py:670} INFO - Dependencies all met for <TaskInstance: D2020_Dashboard.run_pipeline 2021-01-14T22:36:00+00:00 [queued]>
[2021-01-14 22:39:18,902] {taskinstance.py:880} INFO - 
--------------------------------------------------------------------------------
[2021-01-14 22:39:18,905] {taskinstance.py:881} INFO - Starting attempt 1 of 1
[2021-01-14 22:39:18,906] {taskinstance.py:882} INFO - 
--------------------------------------------------------------------------------
[2021-01-14 22:39:19,189] {taskinstance.py:901} INFO - Executing <Task(PythonOperator): run_pipeline> on 2021-01-14T22:36:00+00:00
[2021-01-14 22:39:19,207] {standard_task_runner.py:54} INFO - Started process 44 to run task
[2021-01-14 22:39:19,324] {standard_task_runner.py:77} INFO - Running: ['airflow', 'run', 'D2020_Dashboard', 'run_pipeline', '2021-01-14T22:36:00+00:00', '--job_id', '88', '--pool', 'default_pool', '--raw', '-sd', 'DAGS_FOLDER/example.py', '--cfg_path', '/tmp/tmp2kfsotdi']
[2021-01-14 22:39:19,327] {standard_task_runner.py:78} INFO - Job 88: Subtask run_pipeline
[2021-01-14 22:39:20,305] {logging_mixin.py:112} INFO - Running <TaskInstance: D2020_Dashboard.run_pipeline 2021-01-14T22:36:00+00:00 [running]> on host 79ecd04028bf
[2021-01-14 22:39:21,175] {logging_mixin.py:112} INFO -    A  B
0  1  1
1  2  2
2  3  3
[2021-01-14 22:39:21,177] {logging_mixin.py:112} INFO - hello
[2021-01-14 22:39:21,180] {python_operator.py:114} INFO - Done. Returned value was: None
[2021-01-14 22:39:21,423] {taskinstance.py:1070} INFO - Marking task as SUCCESS.dag_id=D2020_Dashboard, task_id=run_pipeline, execution_date=20210114T223600, start_date=20210114T223918, end_date=20210114T223921
[2021-01-14 22:39:23,181] {local_task_job.py:102} INFO - Task exited with return code 0
