[2021-01-14 20:52:10,838] {taskinstance.py:670} INFO - Dependencies all met for <TaskInstance: D2020_Dashboard.run_pipeline 2021-01-14T20:50:00+00:00 [queued]>
[2021-01-14 20:52:11,220] {taskinstance.py:670} INFO - Dependencies all met for <TaskInstance: D2020_Dashboard.run_pipeline 2021-01-14T20:50:00+00:00 [queued]>
[2021-01-14 20:52:11,224] {taskinstance.py:880} INFO - 
--------------------------------------------------------------------------------
[2021-01-14 20:52:11,227] {taskinstance.py:881} INFO - Starting attempt 1 of 1
[2021-01-14 20:52:11,230] {taskinstance.py:882} INFO - 
--------------------------------------------------------------------------------
[2021-01-14 20:52:11,574] {taskinstance.py:901} INFO - Executing <Task(PythonOperator): run_pipeline> on 2021-01-14T20:50:00+00:00
[2021-01-14 20:52:11,582] {standard_task_runner.py:54} INFO - Started process 84 to run task
[2021-01-14 20:52:11,706] {standard_task_runner.py:77} INFO - Running: ['airflow', 'run', 'D2020_Dashboard', 'run_pipeline', '2021-01-14T20:50:00+00:00', '--job_id', '9', '--pool', 'default_pool', '--raw', '-sd', 'DAGS_FOLDER/example.py', '--cfg_path', '/tmp/tmpupk4hkfe']
[2021-01-14 20:52:11,710] {standard_task_runner.py:78} INFO - Job 9: Subtask run_pipeline
[2021-01-14 20:52:12,730] {logging_mixin.py:112} INFO - Running <TaskInstance: D2020_Dashboard.run_pipeline 2021-01-14T20:50:00+00:00 [running]> on host cce419a8e5f3
[2021-01-14 20:52:13,288] {logging_mixin.py:112} INFO -    A  B
0  1  1
1  2  2
2  3  3
[2021-01-14 20:52:13,289] {logging_mixin.py:112} INFO - hello
[2021-01-14 20:52:13,291] {python_operator.py:114} INFO - Done. Returned value was: None
[2021-01-14 20:52:13,579] {taskinstance.py:1070} INFO - Marking task as SUCCESS.dag_id=D2020_Dashboard, task_id=run_pipeline, execution_date=20210114T205000, start_date=20210114T205210, end_date=20210114T205213
[2021-01-14 20:52:15,478] {local_task_job.py:102} INFO - Task exited with return code 0
