[2021-01-14 21:36:12,611] {taskinstance.py:670} INFO - Dependencies all met for <TaskInstance: D2020_Dashboard.run_pipeline 2021-01-14T21:34:00+00:00 [queued]>
[2021-01-14 21:36:12,981] {taskinstance.py:670} INFO - Dependencies all met for <TaskInstance: D2020_Dashboard.run_pipeline 2021-01-14T21:34:00+00:00 [queued]>
[2021-01-14 21:36:12,984] {taskinstance.py:880} INFO - 
--------------------------------------------------------------------------------
[2021-01-14 21:36:12,993] {taskinstance.py:881} INFO - Starting attempt 1 of 1
[2021-01-14 21:36:12,995] {taskinstance.py:882} INFO - 
--------------------------------------------------------------------------------
[2021-01-14 21:36:13,270] {taskinstance.py:901} INFO - Executing <Task(PythonOperator): run_pipeline> on 2021-01-14T21:34:00+00:00
[2021-01-14 21:36:13,278] {standard_task_runner.py:54} INFO - Started process 89 to run task
[2021-01-14 21:36:13,578] {standard_task_runner.py:77} INFO - Running: ['airflow', 'run', 'D2020_Dashboard', 'run_pipeline', '2021-01-14T21:34:00+00:00', '--job_id', '34', '--pool', 'default_pool', '--raw', '-sd', 'DAGS_FOLDER/example.py', '--cfg_path', '/tmp/tmp8l6ppwj0']
[2021-01-14 21:36:13,595] {standard_task_runner.py:78} INFO - Job 34: Subtask run_pipeline
[2021-01-14 21:36:14,579] {logging_mixin.py:112} INFO - Running <TaskInstance: D2020_Dashboard.run_pipeline 2021-01-14T21:34:00+00:00 [running]> on host cce419a8e5f3
[2021-01-14 21:36:15,213] {logging_mixin.py:112} INFO -    A  B
0  1  1
1  2  2
2  3  3
[2021-01-14 21:36:15,215] {logging_mixin.py:112} INFO - hello
[2021-01-14 21:36:15,217] {python_operator.py:114} INFO - Done. Returned value was: None
[2021-01-14 21:36:15,444] {taskinstance.py:1070} INFO - Marking task as SUCCESS.dag_id=D2020_Dashboard, task_id=run_pipeline, execution_date=20210114T213400, start_date=20210114T213612, end_date=20210114T213615
[2021-01-14 21:36:17,249] {local_task_job.py:102} INFO - Task exited with return code 0
