[2021-01-14 21:54:16,193] {taskinstance.py:670} INFO - Dependencies all met for <TaskInstance: D2020_Dashboard.run_pipeline 2021-01-14T21:52:00+00:00 [queued]>
[2021-01-14 21:54:16,604] {taskinstance.py:670} INFO - Dependencies all met for <TaskInstance: D2020_Dashboard.run_pipeline 2021-01-14T21:52:00+00:00 [queued]>
[2021-01-14 21:54:16,608] {taskinstance.py:880} INFO - 
--------------------------------------------------------------------------------
[2021-01-14 21:54:16,611] {taskinstance.py:881} INFO - Starting attempt 1 of 1
[2021-01-14 21:54:16,614] {taskinstance.py:882} INFO - 
--------------------------------------------------------------------------------
[2021-01-14 21:54:16,958] {taskinstance.py:901} INFO - Executing <Task(PythonOperator): run_pipeline> on 2021-01-14T21:52:00+00:00
[2021-01-14 21:54:16,968] {standard_task_runner.py:54} INFO - Started process 54 to run task
[2021-01-14 21:54:17,279] {standard_task_runner.py:77} INFO - Running: ['airflow', 'run', 'D2020_Dashboard', 'run_pipeline', '2021-01-14T21:52:00+00:00', '--job_id', '50', '--pool', 'default_pool', '--raw', '-sd', 'DAGS_FOLDER/example.py', '--cfg_path', '/tmp/tmpskxfc3__']
[2021-01-14 21:54:17,282] {standard_task_runner.py:78} INFO - Job 50: Subtask run_pipeline
[2021-01-14 21:54:18,567] {logging_mixin.py:112} INFO - Running <TaskInstance: D2020_Dashboard.run_pipeline 2021-01-14T21:52:00+00:00 [running]> on host 4774ac7765de
[2021-01-14 21:54:19,292] {logging_mixin.py:112} INFO -    A  B
0  1  1
1  2  2
2  3  3
[2021-01-14 21:54:19,295] {logging_mixin.py:112} INFO - hello
[2021-01-14 21:54:19,302] {python_operator.py:114} INFO - Done. Returned value was: None
[2021-01-14 21:54:19,527] {taskinstance.py:1070} INFO - Marking task as SUCCESS.dag_id=D2020_Dashboard, task_id=run_pipeline, execution_date=20210114T215200, start_date=20210114T215416, end_date=20210114T215419
[2021-01-14 21:54:20,807] {local_task_job.py:102} INFO - Task exited with return code 0
