[2021-01-13 16:35:29,565] {taskinstance.py:670} INFO - Dependencies all met for <TaskInstance: D2020_Dashboard.run_pipeline 2021-01-13T16:34:29.010513+00:00 [queued]>
[2021-01-13 16:35:30,492] {taskinstance.py:670} INFO - Dependencies all met for <TaskInstance: D2020_Dashboard.run_pipeline 2021-01-13T16:34:29.010513+00:00 [queued]>
[2021-01-13 16:35:30,494] {taskinstance.py:880} INFO - 
--------------------------------------------------------------------------------
[2021-01-13 16:35:30,497] {taskinstance.py:881} INFO - Starting attempt 1 of 1
[2021-01-13 16:35:30,500] {taskinstance.py:882} INFO - 
--------------------------------------------------------------------------------
[2021-01-13 16:35:30,601] {taskinstance.py:901} INFO - Executing <Task(PythonOperator): run_pipeline> on 2021-01-13T16:34:29.010513+00:00
[2021-01-13 16:35:30,615] {standard_task_runner.py:54} INFO - Started process 101 to run task
[2021-01-13 16:35:30,721] {standard_task_runner.py:77} INFO - Running: ['airflow', 'run', 'D2020_Dashboard', 'run_pipeline', '2021-01-13T16:34:29.010513+00:00', '--job_id', '8', '--pool', 'default_pool', '--raw', '-sd', 'DAGS_FOLDER/example.py', '--cfg_path', '/tmp/tmpmw4bo3n0']
[2021-01-13 16:35:30,724] {standard_task_runner.py:78} INFO - Job 8: Subtask run_pipeline
[2021-01-13 16:35:32,097] {logging_mixin.py:112} INFO - Running <TaskInstance: D2020_Dashboard.run_pipeline 2021-01-13T16:34:29.010513+00:00 [running]> on host 245686c30a8f
[2021-01-13 16:35:32,970] {logging_mixin.py:112} INFO -    A  B
0  1  1
1  2  2
2  3  3
[2021-01-13 16:35:32,994] {logging_mixin.py:112} INFO - hello
[2021-01-13 16:35:33,008] {python_operator.py:114} INFO - Done. Returned value was: None
[2021-01-13 16:35:33,328] {taskinstance.py:1070} INFO - Marking task as SUCCESS.dag_id=D2020_Dashboard, task_id=run_pipeline, execution_date=20210113T163429, start_date=20210113T163529, end_date=20210113T163533
[2021-01-13 16:35:34,021] {local_task_job.py:102} INFO - Task exited with return code 0
