[2021-01-14 21:00:10,299] {taskinstance.py:670} INFO - Dependencies all met for <TaskInstance: D2020_Dashboard.run_pipeline 2021-01-14T20:58:00+00:00 [queued]>
[2021-01-14 21:00:10,880] {taskinstance.py:670} INFO - Dependencies all met for <TaskInstance: D2020_Dashboard.run_pipeline 2021-01-14T20:58:00+00:00 [queued]>
[2021-01-14 21:00:10,884] {taskinstance.py:880} INFO - 
--------------------------------------------------------------------------------
[2021-01-14 21:00:10,888] {taskinstance.py:881} INFO - Starting attempt 1 of 1
[2021-01-14 21:00:10,890] {taskinstance.py:882} INFO - 
--------------------------------------------------------------------------------
[2021-01-14 21:00:11,002] {taskinstance.py:901} INFO - Executing <Task(PythonOperator): run_pipeline> on 2021-01-14T20:58:00+00:00
[2021-01-14 21:00:11,008] {standard_task_runner.py:54} INFO - Started process 123 to run task
[2021-01-14 21:00:11,096] {standard_task_runner.py:77} INFO - Running: ['airflow', 'run', 'D2020_Dashboard', 'run_pipeline', '2021-01-14T20:58:00+00:00', '--job_id', '16', '--pool', 'default_pool', '--raw', '-sd', 'DAGS_FOLDER/example.py', '--cfg_path', '/tmp/tmpvrlxtgy_']
[2021-01-14 21:00:11,098] {standard_task_runner.py:78} INFO - Job 16: Subtask run_pipeline
[2021-01-14 21:00:12,204] {logging_mixin.py:112} INFO - Running <TaskInstance: D2020_Dashboard.run_pipeline 2021-01-14T20:58:00+00:00 [running]> on host cce419a8e5f3
[2021-01-14 21:00:12,840] {logging_mixin.py:112} INFO -    A  B
0  1  1
1  2  2
2  3  3
[2021-01-14 21:00:12,842] {logging_mixin.py:112} INFO - hello
[2021-01-14 21:00:12,843] {python_operator.py:114} INFO - Done. Returned value was: None
[2021-01-14 21:00:13,070] {taskinstance.py:1070} INFO - Marking task as SUCCESS.dag_id=D2020_Dashboard, task_id=run_pipeline, execution_date=20210114T205800, start_date=20210114T210010, end_date=20210114T210013
[2021-01-14 21:00:14,955] {local_task_job.py:102} INFO - Task exited with return code 0
