[2021-01-14 15:05:17,607] {taskinstance.py:670} INFO - Dependencies all met for <TaskInstance: D2020_Dashboard.run_pipeline 2021-01-14T14:05:00+00:00 [queued]>
[2021-01-14 15:05:17,957] {taskinstance.py:670} INFO - Dependencies all met for <TaskInstance: D2020_Dashboard.run_pipeline 2021-01-14T14:05:00+00:00 [queued]>
[2021-01-14 15:05:17,960] {taskinstance.py:880} INFO - 
--------------------------------------------------------------------------------
[2021-01-14 15:05:17,963] {taskinstance.py:881} INFO - Starting attempt 1 of 1
[2021-01-14 15:05:17,965] {taskinstance.py:882} INFO - 
--------------------------------------------------------------------------------
[2021-01-14 15:05:18,375] {taskinstance.py:901} INFO - Executing <Task(PythonOperator): run_pipeline> on 2021-01-14T14:05:00+00:00
[2021-01-14 15:05:18,404] {standard_task_runner.py:54} INFO - Started process 64 to run task
[2021-01-14 15:05:18,612] {standard_task_runner.py:77} INFO - Running: ['airflow', 'run', 'D2020_Dashboard', 'run_pipeline', '2021-01-14T14:05:00+00:00', '--job_id', '8', '--pool', 'default_pool', '--raw', '-sd', 'DAGS_FOLDER/example.py', '--cfg_path', '/tmp/tmp62z770d3']
[2021-01-14 15:05:18,617] {standard_task_runner.py:78} INFO - Job 8: Subtask run_pipeline
[2021-01-14 15:05:19,952] {logging_mixin.py:112} INFO - Running <TaskInstance: D2020_Dashboard.run_pipeline 2021-01-14T14:05:00+00:00 [running]> on host 29b0a9377858
[2021-01-14 15:05:21,476] {logging_mixin.py:112} INFO -    A  B
0  1  1
1  2  2
2  3  3
[2021-01-14 15:05:21,478] {logging_mixin.py:112} INFO - hello
[2021-01-14 15:05:21,480] {python_operator.py:114} INFO - Done. Returned value was: None
[2021-01-14 15:05:21,730] {taskinstance.py:1070} INFO - Marking task as SUCCESS.dag_id=D2020_Dashboard, task_id=run_pipeline, execution_date=20210114T140500, start_date=20210114T150517, end_date=20210114T150521
[2021-01-14 15:05:27,262] {local_task_job.py:102} INFO - Task exited with return code 0
