[2021-01-14 15:16:09,262] {taskinstance.py:670} INFO - Dependencies all met for <TaskInstance: D2020_Dashboard.run_pipeline 2021-01-14T15:14:00+00:00 [queued]>
[2021-01-14 15:16:09,686] {taskinstance.py:670} INFO - Dependencies all met for <TaskInstance: D2020_Dashboard.run_pipeline 2021-01-14T15:14:00+00:00 [queued]>
[2021-01-14 15:16:09,688] {taskinstance.py:880} INFO - 
--------------------------------------------------------------------------------
[2021-01-14 15:16:09,691] {taskinstance.py:881} INFO - Starting attempt 1 of 1
[2021-01-14 15:16:09,693] {taskinstance.py:882} INFO - 
--------------------------------------------------------------------------------
[2021-01-14 15:16:09,992] {taskinstance.py:901} INFO - Executing <Task(PythonOperator): run_pipeline> on 2021-01-14T15:14:00+00:00
[2021-01-14 15:16:09,998] {standard_task_runner.py:54} INFO - Started process 124 to run task
[2021-01-14 15:16:10,102] {standard_task_runner.py:77} INFO - Running: ['airflow', 'run', 'D2020_Dashboard', 'run_pipeline', '2021-01-14T15:14:00+00:00', '--job_id', '20', '--pool', 'default_pool', '--raw', '-sd', 'DAGS_FOLDER/example.py', '--cfg_path', '/tmp/tmplp1yb8_x']
[2021-01-14 15:16:10,105] {standard_task_runner.py:78} INFO - Job 20: Subtask run_pipeline
[2021-01-14 15:16:11,134] {logging_mixin.py:112} INFO - Running <TaskInstance: D2020_Dashboard.run_pipeline 2021-01-14T15:14:00+00:00 [running]> on host 29b0a9377858
[2021-01-14 15:16:11,697] {logging_mixin.py:112} INFO -    A  B
0  1  1
1  2  2
2  3  3
[2021-01-14 15:16:11,699] {logging_mixin.py:112} INFO - hello
[2021-01-14 15:16:11,702] {python_operator.py:114} INFO - Done. Returned value was: None
[2021-01-14 15:16:11,953] {taskinstance.py:1070} INFO - Marking task as SUCCESS.dag_id=D2020_Dashboard, task_id=run_pipeline, execution_date=20210114T151400, start_date=20210114T151609, end_date=20210114T151611
[2021-01-14 15:16:13,996] {local_task_job.py:102} INFO - Task exited with return code 0
