[2021-01-14 22:20:14,619] {taskinstance.py:670} INFO - Dependencies all met for <TaskInstance: D2020_Dashboard.run_pipeline 2021-01-14T22:18:00+00:00 [queued]>
[2021-01-14 22:20:15,144] {taskinstance.py:670} INFO - Dependencies all met for <TaskInstance: D2020_Dashboard.run_pipeline 2021-01-14T22:18:00+00:00 [queued]>
[2021-01-14 22:20:15,146] {taskinstance.py:880} INFO - 
--------------------------------------------------------------------------------
[2021-01-14 22:20:15,169] {taskinstance.py:881} INFO - Starting attempt 1 of 1
[2021-01-14 22:20:15,172] {taskinstance.py:882} INFO - 
--------------------------------------------------------------------------------
[2021-01-14 22:20:15,630] {taskinstance.py:901} INFO - Executing <Task(PythonOperator): run_pipeline> on 2021-01-14T22:18:00+00:00
[2021-01-14 22:20:15,670] {standard_task_runner.py:54} INFO - Started process 75 to run task
[2021-01-14 22:20:15,827] {standard_task_runner.py:77} INFO - Running: ['airflow', 'run', 'D2020_Dashboard', 'run_pipeline', '2021-01-14T22:18:00+00:00', '--job_id', '73', '--pool', 'default_pool', '--raw', '-sd', 'DAGS_FOLDER/example.py', '--cfg_path', '/tmp/tmp4aja5_je']
[2021-01-14 22:20:15,840] {standard_task_runner.py:78} INFO - Job 73: Subtask run_pipeline
[2021-01-14 22:20:16,859] {logging_mixin.py:112} INFO - Running <TaskInstance: D2020_Dashboard.run_pipeline 2021-01-14T22:18:00+00:00 [running]> on host cc35811f9a97
[2021-01-14 22:20:17,444] {logging_mixin.py:112} INFO -    A  B
0  1  1
1  2  2
2  3  3
[2021-01-14 22:20:17,446] {logging_mixin.py:112} INFO - hello
[2021-01-14 22:20:17,450] {python_operator.py:114} INFO - Done. Returned value was: None
[2021-01-14 22:20:17,672] {taskinstance.py:1070} INFO - Marking task as SUCCESS.dag_id=D2020_Dashboard, task_id=run_pipeline, execution_date=20210114T221800, start_date=20210114T222014, end_date=20210114T222017
[2021-01-14 22:20:19,271] {local_task_job.py:102} INFO - Task exited with return code 0
