[2021-01-14 21:44:22,530] {taskinstance.py:670} INFO - Dependencies all met for <TaskInstance: D2020_Dashboard.run_pipeline 2021-01-14T21:42:00+00:00 [queued]>
[2021-01-14 21:44:22,873] {taskinstance.py:670} INFO - Dependencies all met for <TaskInstance: D2020_Dashboard.run_pipeline 2021-01-14T21:42:00+00:00 [queued]>
[2021-01-14 21:44:22,875] {taskinstance.py:880} INFO - 
--------------------------------------------------------------------------------
[2021-01-14 21:44:22,877] {taskinstance.py:881} INFO - Starting attempt 1 of 1
[2021-01-14 21:44:22,879] {taskinstance.py:882} INFO - 
--------------------------------------------------------------------------------
[2021-01-14 21:44:23,221] {taskinstance.py:901} INFO - Executing <Task(PythonOperator): run_pipeline> on 2021-01-14T21:42:00+00:00
[2021-01-14 21:44:23,232] {standard_task_runner.py:54} INFO - Started process 134 to run task
[2021-01-14 21:44:23,322] {standard_task_runner.py:77} INFO - Running: ['airflow', 'run', 'D2020_Dashboard', 'run_pipeline', '2021-01-14T21:42:00+00:00', '--job_id', '42', '--pool', 'default_pool', '--raw', '-sd', 'DAGS_FOLDER/example.py', '--cfg_path', '/tmp/tmpesopelvx']
[2021-01-14 21:44:23,326] {standard_task_runner.py:78} INFO - Job 42: Subtask run_pipeline
[2021-01-14 21:44:24,789] {logging_mixin.py:112} INFO - Running <TaskInstance: D2020_Dashboard.run_pipeline 2021-01-14T21:42:00+00:00 [running]> on host cce419a8e5f3
[2021-01-14 21:44:25,458] {logging_mixin.py:112} INFO -    A  B
0  1  1
1  2  2
2  3  3
[2021-01-14 21:44:25,461] {logging_mixin.py:112} INFO - hello
[2021-01-14 21:44:25,464] {python_operator.py:114} INFO - Done. Returned value was: None
[2021-01-14 21:44:25,772] {taskinstance.py:1070} INFO - Marking task as SUCCESS.dag_id=D2020_Dashboard, task_id=run_pipeline, execution_date=20210114T214200, start_date=20210114T214422, end_date=20210114T214425
[2021-01-14 21:44:27,529] {local_task_job.py:102} INFO - Task exited with return code 0
