[2021-01-14 21:40:09,748] {taskinstance.py:670} INFO - Dependencies all met for <TaskInstance: D2020_Dashboard.run_pipeline 2021-01-14T21:38:00+00:00 [queued]>
[2021-01-14 21:40:10,172] {taskinstance.py:670} INFO - Dependencies all met for <TaskInstance: D2020_Dashboard.run_pipeline 2021-01-14T21:38:00+00:00 [queued]>
[2021-01-14 21:40:10,178] {taskinstance.py:880} INFO - 
--------------------------------------------------------------------------------
[2021-01-14 21:40:10,181] {taskinstance.py:881} INFO - Starting attempt 1 of 1
[2021-01-14 21:40:10,183] {taskinstance.py:882} INFO - 
--------------------------------------------------------------------------------
[2021-01-14 21:40:10,544] {taskinstance.py:901} INFO - Executing <Task(PythonOperator): run_pipeline> on 2021-01-14T21:38:00+00:00
[2021-01-14 21:40:10,582] {standard_task_runner.py:54} INFO - Started process 114 to run task
[2021-01-14 21:40:10,758] {standard_task_runner.py:77} INFO - Running: ['airflow', 'run', 'D2020_Dashboard', 'run_pipeline', '2021-01-14T21:38:00+00:00', '--job_id', '38', '--pool', 'default_pool', '--raw', '-sd', 'DAGS_FOLDER/example.py', '--cfg_path', '/tmp/tmpqt_4hi4_']
[2021-01-14 21:40:10,767] {standard_task_runner.py:78} INFO - Job 38: Subtask run_pipeline
[2021-01-14 21:40:11,860] {logging_mixin.py:112} INFO - Running <TaskInstance: D2020_Dashboard.run_pipeline 2021-01-14T21:38:00+00:00 [running]> on host cce419a8e5f3
[2021-01-14 21:40:12,537] {logging_mixin.py:112} INFO -    A  B
0  1  1
1  2  2
2  3  3
[2021-01-14 21:40:12,539] {logging_mixin.py:112} INFO - hello
[2021-01-14 21:40:12,541] {python_operator.py:114} INFO - Done. Returned value was: None
[2021-01-14 21:40:12,819] {taskinstance.py:1070} INFO - Marking task as SUCCESS.dag_id=D2020_Dashboard, task_id=run_pipeline, execution_date=20210114T213800, start_date=20210114T214009, end_date=20210114T214012
[2021-01-14 21:40:14,393] {local_task_job.py:102} INFO - Task exited with return code 0
