[2021-01-14 15:13:03,215] {taskinstance.py:670} INFO - Dependencies all met for <TaskInstance: D2020_Dashboard.run_pipeline 2021-01-14T15:10:00+00:00 [queued]>
[2021-01-14 15:13:03,640] {taskinstance.py:670} INFO - Dependencies all met for <TaskInstance: D2020_Dashboard.run_pipeline 2021-01-14T15:10:00+00:00 [queued]>
[2021-01-14 15:13:03,643] {taskinstance.py:880} INFO - 
--------------------------------------------------------------------------------
[2021-01-14 15:13:03,646] {taskinstance.py:881} INFO - Starting attempt 1 of 1
[2021-01-14 15:13:03,648] {taskinstance.py:882} INFO - 
--------------------------------------------------------------------------------
[2021-01-14 15:13:04,234] {taskinstance.py:901} INFO - Executing <Task(PythonOperator): run_pipeline> on 2021-01-14T15:10:00+00:00
[2021-01-14 15:13:04,309] {standard_task_runner.py:54} INFO - Started process 104 to run task
[2021-01-14 15:13:04,910] {standard_task_runner.py:77} INFO - Running: ['airflow', 'run', 'D2020_Dashboard', 'run_pipeline', '2021-01-14T15:10:00+00:00', '--job_id', '16', '--pool', 'default_pool', '--raw', '-sd', 'DAGS_FOLDER/example.py', '--cfg_path', '/tmp/tmp5338kul2']
[2021-01-14 15:13:04,915] {standard_task_runner.py:78} INFO - Job 16: Subtask run_pipeline
[2021-01-14 15:13:10,479] {logging_mixin.py:112} INFO - Running <TaskInstance: D2020_Dashboard.run_pipeline 2021-01-14T15:10:00+00:00 [running]> on host 29b0a9377858
[2021-01-14 15:13:11,712] {logging_mixin.py:112} INFO -    A  B
0  1  1
1  2  2
2  3  3
[2021-01-14 15:13:11,714] {logging_mixin.py:112} INFO - hello
[2021-01-14 15:13:11,716] {python_operator.py:114} INFO - Done. Returned value was: None
[2021-01-14 15:13:11,975] {taskinstance.py:1070} INFO - Marking task as SUCCESS.dag_id=D2020_Dashboard, task_id=run_pipeline, execution_date=20210114T151000, start_date=20210114T151303, end_date=20210114T151311
[2021-01-14 15:13:15,300] {local_task_job.py:102} INFO - Task exited with return code 0
