[2021-01-14 22:46:10,950] {taskinstance.py:670} INFO - Dependencies all met for <TaskInstance: D2020_Dashboard.run_pipeline 2021-01-14T22:44:00+00:00 [queued]>
[2021-01-14 22:46:11,319] {taskinstance.py:670} INFO - Dependencies all met for <TaskInstance: D2020_Dashboard.run_pipeline 2021-01-14T22:44:00+00:00 [queued]>
[2021-01-14 22:46:11,324] {taskinstance.py:880} INFO - 
--------------------------------------------------------------------------------
[2021-01-14 22:46:11,326] {taskinstance.py:881} INFO - Starting attempt 1 of 1
[2021-01-14 22:46:11,328] {taskinstance.py:882} INFO - 
--------------------------------------------------------------------------------
[2021-01-14 22:46:11,614] {taskinstance.py:901} INFO - Executing <Task(PythonOperator): run_pipeline> on 2021-01-14T22:44:00+00:00
[2021-01-14 22:46:11,647] {standard_task_runner.py:54} INFO - Started process 85 to run task
[2021-01-14 22:46:11,745] {standard_task_runner.py:77} INFO - Running: ['airflow', 'run', 'D2020_Dashboard', 'run_pipeline', '2021-01-14T22:44:00+00:00', '--job_id', '95', '--pool', 'default_pool', '--raw', '-sd', 'DAGS_FOLDER/example.py', '--cfg_path', '/tmp/tmp2x4znp1v']
[2021-01-14 22:46:11,751] {standard_task_runner.py:78} INFO - Job 95: Subtask run_pipeline
[2021-01-14 22:46:12,763] {logging_mixin.py:112} INFO - Running <TaskInstance: D2020_Dashboard.run_pipeline 2021-01-14T22:44:00+00:00 [running]> on host 79ecd04028bf
[2021-01-14 22:46:13,314] {logging_mixin.py:112} INFO -    A  B
0  1  1
1  2  2
2  3  3
[2021-01-14 22:46:13,315] {logging_mixin.py:112} INFO - hello
[2021-01-14 22:46:13,328] {python_operator.py:114} INFO - Done. Returned value was: None
[2021-01-14 22:46:13,598] {taskinstance.py:1070} INFO - Marking task as SUCCESS.dag_id=D2020_Dashboard, task_id=run_pipeline, execution_date=20210114T224400, start_date=20210114T224610, end_date=20210114T224613
[2021-01-14 22:46:15,684] {local_task_job.py:102} INFO - Task exited with return code 0
