[2021-01-14 20:56:14,013] {taskinstance.py:670} INFO - Dependencies all met for <TaskInstance: D2020_Dashboard.run_pipeline 2021-01-14T20:54:00+00:00 [queued]>
[2021-01-14 20:56:14,610] {taskinstance.py:670} INFO - Dependencies all met for <TaskInstance: D2020_Dashboard.run_pipeline 2021-01-14T20:54:00+00:00 [queued]>
[2021-01-14 20:56:14,614] {taskinstance.py:880} INFO - 
--------------------------------------------------------------------------------
[2021-01-14 20:56:14,617] {taskinstance.py:881} INFO - Starting attempt 1 of 1
[2021-01-14 20:56:14,621] {taskinstance.py:882} INFO - 
--------------------------------------------------------------------------------
[2021-01-14 20:56:14,730] {taskinstance.py:901} INFO - Executing <Task(PythonOperator): run_pipeline> on 2021-01-14T20:54:00+00:00
[2021-01-14 20:56:14,740] {standard_task_runner.py:54} INFO - Started process 103 to run task
[2021-01-14 20:56:14,968] {standard_task_runner.py:77} INFO - Running: ['airflow', 'run', 'D2020_Dashboard', 'run_pipeline', '2021-01-14T20:54:00+00:00', '--job_id', '12', '--pool', 'default_pool', '--raw', '-sd', 'DAGS_FOLDER/example.py', '--cfg_path', '/tmp/tmp_fmdu3iy']
[2021-01-14 20:56:14,977] {standard_task_runner.py:78} INFO - Job 12: Subtask run_pipeline
[2021-01-14 20:56:16,113] {logging_mixin.py:112} INFO - Running <TaskInstance: D2020_Dashboard.run_pipeline 2021-01-14T20:54:00+00:00 [running]> on host cce419a8e5f3
[2021-01-14 20:56:16,687] {logging_mixin.py:112} INFO -    A  B
0  1  1
1  2  2
2  3  3
[2021-01-14 20:56:16,691] {logging_mixin.py:112} INFO - hello
[2021-01-14 20:56:16,693] {python_operator.py:114} INFO - Done. Returned value was: None
[2021-01-14 20:56:16,913] {taskinstance.py:1070} INFO - Marking task as SUCCESS.dag_id=D2020_Dashboard, task_id=run_pipeline, execution_date=20210114T205400, start_date=20210114T205614, end_date=20210114T205616
[2021-01-14 20:56:18,673] {local_task_job.py:102} INFO - Task exited with return code 0
