[2021-01-14 22:06:13,880] {taskinstance.py:670} INFO - Dependencies all met for <TaskInstance: D2020_Dashboard.run_pipeline 2021-01-14T22:04:00+00:00 [queued]>
[2021-01-14 22:06:14,269] {taskinstance.py:670} INFO - Dependencies all met for <TaskInstance: D2020_Dashboard.run_pipeline 2021-01-14T22:04:00+00:00 [queued]>
[2021-01-14 22:06:14,275] {taskinstance.py:880} INFO - 
--------------------------------------------------------------------------------
[2021-01-14 22:06:14,278] {taskinstance.py:881} INFO - Starting attempt 1 of 1
[2021-01-14 22:06:14,280] {taskinstance.py:882} INFO - 
--------------------------------------------------------------------------------
[2021-01-14 22:06:14,565] {taskinstance.py:901} INFO - Executing <Task(PythonOperator): run_pipeline> on 2021-01-14T22:04:00+00:00
[2021-01-14 22:06:14,575] {standard_task_runner.py:54} INFO - Started process 85 to run task
[2021-01-14 22:06:14,658] {standard_task_runner.py:77} INFO - Running: ['airflow', 'run', 'D2020_Dashboard', 'run_pipeline', '2021-01-14T22:04:00+00:00', '--job_id', '62', '--pool', 'default_pool', '--raw', '-sd', 'DAGS_FOLDER/example.py', '--cfg_path', '/tmp/tmpapbvnt8y']
[2021-01-14 22:06:14,662] {standard_task_runner.py:78} INFO - Job 62: Subtask run_pipeline
[2021-01-14 22:06:15,757] {logging_mixin.py:112} INFO - Running <TaskInstance: D2020_Dashboard.run_pipeline 2021-01-14T22:04:00+00:00 [running]> on host 9d99b79fdc20
[2021-01-14 22:06:16,311] {logging_mixin.py:112} INFO -    A  B
0  1  1
1  2  2
2  3  3
[2021-01-14 22:06:16,312] {logging_mixin.py:112} INFO - hello
[2021-01-14 22:06:16,313] {python_operator.py:114} INFO - Done. Returned value was: None
[2021-01-14 22:06:16,527] {taskinstance.py:1070} INFO - Marking task as SUCCESS.dag_id=D2020_Dashboard, task_id=run_pipeline, execution_date=20210114T220400, start_date=20210114T220613, end_date=20210114T220616
[2021-01-14 22:06:18,467] {local_task_job.py:102} INFO - Task exited with return code 0
