[2021-01-15 10:15:18,263] {taskinstance.py:670} INFO - Dependencies all met for <TaskInstance: D2020_Dashboard.run_pipeline 2021-01-14T22:46:00+00:00 [queued]>
[2021-01-15 10:15:18,522] {taskinstance.py:670} INFO - Dependencies all met for <TaskInstance: D2020_Dashboard.run_pipeline 2021-01-14T22:46:00+00:00 [queued]>
[2021-01-15 10:15:19,500] {taskinstance.py:670} INFO - Dependencies all met for <TaskInstance: D2020_Dashboard.run_pipeline 2021-01-14T22:46:00+00:00 [queued]>
[2021-01-15 10:15:19,503] {taskinstance.py:880} INFO - 
--------------------------------------------------------------------------------
[2021-01-15 10:15:19,510] {taskinstance.py:881} INFO - Starting attempt 1 of 1
[2021-01-15 10:15:19,515] {taskinstance.py:882} INFO - 
--------------------------------------------------------------------------------
[2021-01-15 10:15:19,538] {taskinstance.py:670} INFO - Dependencies all met for <TaskInstance: D2020_Dashboard.run_pipeline 2021-01-14T22:46:00+00:00 [queued]>
[2021-01-15 10:15:19,568] {taskinstance.py:880} INFO - 
--------------------------------------------------------------------------------
[2021-01-15 10:15:19,597] {taskinstance.py:881} INFO - Starting attempt 1 of 1
[2021-01-15 10:15:19,622] {taskinstance.py:882} INFO - 
--------------------------------------------------------------------------------
[2021-01-15 10:15:20,400] {taskinstance.py:901} INFO - Executing <Task(PythonOperator): run_pipeline> on 2021-01-14T22:46:00+00:00
[2021-01-15 10:15:20,614] {taskinstance.py:901} INFO - Executing <Task(PythonOperator): run_pipeline> on 2021-01-14T22:46:00+00:00
[2021-01-15 10:15:20,535] {standard_task_runner.py:54} INFO - Started process 70 to run task
[2021-01-15 10:15:20,736] {standard_task_runner.py:54} INFO - Started process 73 to run task
[2021-01-15 10:15:23,209] {standard_task_runner.py:77} INFO - Running: ['airflow', 'run', 'D2020_Dashboard', 'run_pipeline', '2021-01-14T22:46:00+00:00', '--job_id', '101', '--pool', 'default_pool', '--raw', '-sd', 'DAGS_FOLDER/example.py', '--cfg_path', '/tmp/tmpzijkqgq1']
[2021-01-15 10:15:23,217] {standard_task_runner.py:78} INFO - Job 101: Subtask run_pipeline
[2021-01-15 10:15:23,216] {standard_task_runner.py:77} INFO - Running: ['airflow', 'run', 'D2020_Dashboard', 'run_pipeline', '2021-01-14T22:46:00+00:00', '--job_id', '100', '--pool', 'default_pool', '--raw', '-sd', 'DAGS_FOLDER/example.py', '--cfg_path', '/tmp/tmprf5zry45']
[2021-01-15 10:15:23,238] {standard_task_runner.py:78} INFO - Job 100: Subtask run_pipeline
[2021-01-15 10:15:25,263] {logging_mixin.py:112} INFO - Running <TaskInstance: D2020_Dashboard.run_pipeline 2021-01-14T22:46:00+00:00 [running]> on host 79ecd04028bf
[2021-01-15 10:15:25,423] {logging_mixin.py:112} INFO - Running <TaskInstance: D2020_Dashboard.run_pipeline 2021-01-14T22:46:00+00:00 [running]> on host 79ecd04028bf
[2021-01-15 10:15:26,629] {logging_mixin.py:112} INFO -    A  B
0  1  1
1  2  2
2  3  3
[2021-01-15 10:15:26,632] {logging_mixin.py:112} INFO - hello
[2021-01-15 10:15:26,636] {python_operator.py:114} INFO - Done. Returned value was: None
[2021-01-15 10:15:26,736] {logging_mixin.py:112} INFO -    A  B
0  1  1
1  2  2
2  3  3
[2021-01-15 10:15:26,738] {logging_mixin.py:112} INFO - hello
[2021-01-15 10:15:26,742] {python_operator.py:114} INFO - Done. Returned value was: None
[2021-01-15 10:15:26,936] {taskinstance.py:1070} INFO - Marking task as SUCCESS.dag_id=D2020_Dashboard, task_id=run_pipeline, execution_date=20210114T224600, start_date=20210115T101518, end_date=20210115T101526
[2021-01-15 10:15:27,108] {taskinstance.py:1070} INFO - Marking task as SUCCESS.dag_id=D2020_Dashboard, task_id=run_pipeline, execution_date=20210114T224600, start_date=20210115T101518, end_date=20210115T101527
