[2021-01-14 22:00:49,821] {taskinstance.py:670} INFO - Dependencies all met for <TaskInstance: D2020_Dashboard.run_pipeline 2021-01-14T21:54:00+00:00 [queued]>
[2021-01-14 22:00:51,403] {taskinstance.py:670} INFO - Dependencies all met for <TaskInstance: D2020_Dashboard.run_pipeline 2021-01-14T21:54:00+00:00 [queued]>
[2021-01-14 22:00:51,408] {taskinstance.py:880} INFO - 
--------------------------------------------------------------------------------
[2021-01-14 22:00:51,416] {taskinstance.py:881} INFO - Starting attempt 1 of 1
[2021-01-14 22:00:51,421] {taskinstance.py:882} INFO - 
--------------------------------------------------------------------------------
[2021-01-14 22:00:51,760] {taskinstance.py:901} INFO - Executing <Task(PythonOperator): run_pipeline> on 2021-01-14T21:54:00+00:00
[2021-01-14 22:00:51,788] {standard_task_runner.py:54} INFO - Started process 53 to run task
[2021-01-14 22:00:52,240] {standard_task_runner.py:77} INFO - Running: ['airflow', 'run', 'D2020_Dashboard', 'run_pipeline', '2021-01-14T21:54:00+00:00', '--job_id', '56', '--pool', 'default_pool', '--raw', '-sd', 'DAGS_FOLDER/example.py', '--cfg_path', '/tmp/tmpvwje0n1l']
[2021-01-14 22:00:52,259] {standard_task_runner.py:78} INFO - Job 56: Subtask run_pipeline
[2021-01-14 22:00:53,442] {logging_mixin.py:112} INFO - Running <TaskInstance: D2020_Dashboard.run_pipeline 2021-01-14T21:54:00+00:00 [running]> on host 9d99b79fdc20
[2021-01-14 22:00:55,568] {logging_mixin.py:112} INFO -    A  B
0  1  1
1  2  2
2  3  3
[2021-01-14 22:00:55,581] {logging_mixin.py:112} INFO - hello
[2021-01-14 22:00:55,677] {python_operator.py:114} INFO - Done. Returned value was: None
[2021-01-14 22:00:56,052] {taskinstance.py:1070} INFO - Marking task as SUCCESS.dag_id=D2020_Dashboard, task_id=run_pipeline, execution_date=20210114T215400, start_date=20210114T220049, end_date=20210114T220056
[2021-01-14 22:00:59,983] {local_task_job.py:102} INFO - Task exited with return code 0
