[2021-01-14 22:22:11,303] {taskinstance.py:670} INFO - Dependencies all met for <TaskInstance: D2020_Dashboard.run_pipeline 2021-01-14T22:20:00+00:00 [queued]>
[2021-01-14 22:22:12,006] {taskinstance.py:670} INFO - Dependencies all met for <TaskInstance: D2020_Dashboard.run_pipeline 2021-01-14T22:20:00+00:00 [queued]>
[2021-01-14 22:22:12,013] {taskinstance.py:880} INFO - 
--------------------------------------------------------------------------------
[2021-01-14 22:22:12,016] {taskinstance.py:881} INFO - Starting attempt 1 of 1
[2021-01-14 22:22:12,018] {taskinstance.py:882} INFO - 
--------------------------------------------------------------------------------
[2021-01-14 22:22:12,200] {taskinstance.py:901} INFO - Executing <Task(PythonOperator): run_pipeline> on 2021-01-14T22:20:00+00:00
[2021-01-14 22:22:12,224] {standard_task_runner.py:54} INFO - Started process 85 to run task
[2021-01-14 22:22:12,616] {standard_task_runner.py:77} INFO - Running: ['airflow', 'run', 'D2020_Dashboard', 'run_pipeline', '2021-01-14T22:20:00+00:00', '--job_id', '75', '--pool', 'default_pool', '--raw', '-sd', 'DAGS_FOLDER/example.py', '--cfg_path', '/tmp/tmptlfc4ov6']
[2021-01-14 22:22:12,623] {standard_task_runner.py:78} INFO - Job 75: Subtask run_pipeline
[2021-01-14 22:22:13,776] {logging_mixin.py:112} INFO - Running <TaskInstance: D2020_Dashboard.run_pipeline 2021-01-14T22:20:00+00:00 [running]> on host cc35811f9a97
[2021-01-14 22:22:14,391] {logging_mixin.py:112} INFO -    A  B
0  1  1
1  2  2
2  3  3
[2021-01-14 22:22:14,394] {logging_mixin.py:112} INFO - hello
[2021-01-14 22:22:14,399] {python_operator.py:114} INFO - Done. Returned value was: None
[2021-01-14 22:22:14,685] {taskinstance.py:1070} INFO - Marking task as SUCCESS.dag_id=D2020_Dashboard, task_id=run_pipeline, execution_date=20210114T222000, start_date=20210114T222211, end_date=20210114T222214
[2021-01-14 22:22:16,032] {local_task_job.py:102} INFO - Task exited with return code 0
